2025-05-01 22:51:18,737 - INFO - Using device: cuda
2025-05-01 22:51:18,737 - INFO - Initialized I/O data processor for data/sample_train_100.csv
2025-05-01 22:51:18,737 - INFO - Loading data from data/sample_train_100.csv
2025-05-01 22:51:18,742 - INFO - Loaded data with shape (100, 46)
2025-05-01 22:51:18,742 - INFO - Preprocessing data
2025-05-01 22:51:18,743 - INFO - Initialized feature similarity graph constructor for POSIX_SEQ_WRITES
2025-05-01 22:51:18,743 - INFO - Initialized feature similarity graph constructor for POSIX_SIZE_READ_1K_10K
2025-05-01 22:51:18,743 - INFO - Initialized feature similarity graph constructor for POSIX_SIZE_READ_10K_100K
2025-05-01 22:51:18,743 - INFO - Initialized feature similarity graph constructor for POSIX_SIZE_READ_0_100
2025-05-01 22:51:18,743 - INFO - Initialized feature similarity graph constructor for POSIX_SIZE_WRITE_100K_1M
2025-05-01 22:51:18,743 - INFO - Initialized feature similarity graph constructor for POSIX_MEM_NOT_ALIGNED
2025-05-01 22:51:18,743 - INFO - Initialized feature similarity graph constructor for POSIX_FILE_NOT_ALIGNED
2025-05-01 22:51:18,743 - INFO - Initialized feature similarity graph constructor for POSIX_SIZE_WRITE_0_100
2025-05-01 22:51:18,743 - INFO - Initialized feature similarity graph constructor for POSIX_SIZE_WRITE_10K_100K
2025-05-01 22:51:18,743 - INFO - Initialized multiplex graph constructor for 9 features
2025-05-01 22:51:18,743 - INFO - Creating combined PyG data
2025-05-01 22:51:18,743 - INFO - Creating combined PyTorch Geometric Data object
2025-05-01 22:51:18,743 - INFO - Creating PyTorch Geometric Data objects
2025-05-01 22:51:18,743 - INFO - Constructing multiplex graphs for 9 features
2025-05-01 22:51:18,753 - WARNING - Feature POSIX_SIZE_READ_10K_100K not found in data, skipping
2025-05-01 22:51:18,853 - INFO - Created 8 multiplex graphs
2025-05-01 22:51:18,853 - INFO - Creating combined graph from multiplex graphs
2025-05-01 22:51:18,855 - INFO - Splitting data into train, validation, and test sets
2025-05-01 22:51:18,857 - INFO - Train: 69, Val: 16, Test: 15
2025-05-01 22:51:18,859 - INFO - Saving processed data to logs/training/lightgbm/Experiment1/processed_data
2025-05-01 22:51:18,866 - INFO - Constructing multiplex graphs
2025-05-01 22:51:18,866 - INFO - Constructing multiplex graphs for 9 features
2025-05-01 22:51:18,875 - WARNING - Feature POSIX_SIZE_READ_10K_100K not found in data, skipping
2025-05-01 22:51:18,956 - INFO - Created 8 multiplex graphs
2025-05-01 22:51:18,995 - INFO - Creating combined PyG data
2025-05-01 22:51:18,995 - INFO - Creating combined PyTorch Geometric Data object
2025-05-01 22:51:18,995 - INFO - Creating PyTorch Geometric Data objects
2025-05-01 22:51:18,995 - INFO - Constructing multiplex graphs for 9 features
2025-05-01 22:51:19,003 - WARNING - Feature POSIX_SIZE_READ_10K_100K not found in data, skipping
2025-05-01 22:51:19,019 - INFO - Created 8 multiplex graphs
2025-05-01 22:51:19,019 - INFO - Creating combined graph from multiplex graphs
2025-05-01 22:51:19,030 - INFO - Saved processed data to logs/training/lightgbm/Experiment1/processed_data
2025-05-01 22:51:19,030 - INFO - Initialized lightgbm model
/u/mbanisharifdehkordi/.conda/envs/gnn4_env/lib/python3.9/site-packages/sklearn/utils/deprecation.py:151: FutureWarning: 'force_all_finite' was renamed to 'ensure_all_finite' in 1.6 and will be removed in 1.8.
  warnings.warn(
2025-05-01 22:51:19,129 - INFO - LightGBM model fitted with 45 features
/u/mbanisharifdehkordi/.conda/envs/gnn4_env/lib/python3.9/site-packages/sklearn/utils/deprecation.py:151: FutureWarning: 'force_all_finite' was renamed to 'ensure_all_finite' in 1.6 and will be removed in 1.8.
  warnings.warn(
2025-05-01 22:51:19,131 - INFO - Evaluation metrics: {'mse': 0.29426818819955236, 'rmse': 0.5424649188653146, 'mae': 0.22236526406185117, 'r2': 0.43993287259622216}
2025-05-01 22:51:19,134 - INFO - Final metrics: {'mse': 0.29426818819955236, 'rmse': 0.5424649188653146, 'mae': 0.22236526406185117, 'r2': 0.43993287259622216}
2025-05-01 22:51:19,134 - INFO - Model and results saved to logs/training/lightgbm/Experiment1
2025-05-01 22:51:19,148 - INFO - Model saved to logs/training/lightgbm/Experiment1/lightgbm_model.joblib
2025-05-01 22:51:22,847 - INFO - Using device: cuda
2025-05-01 22:51:22,847 - INFO - Initialized I/O data processor for data/sample_train_100.csv
2025-05-01 22:51:22,847 - INFO - Loading data from data/sample_train_100.csv
2025-05-01 22:51:22,850 - INFO - Loaded data with shape (100, 46)
2025-05-01 22:51:22,851 - INFO - Preprocessing data
2025-05-01 22:51:22,851 - INFO - Initialized feature similarity graph constructor for POSIX_SEQ_WRITES
2025-05-01 22:51:22,851 - INFO - Initialized feature similarity graph constructor for POSIX_SIZE_READ_1K_10K
2025-05-01 22:51:22,851 - INFO - Initialized feature similarity graph constructor for POSIX_SIZE_READ_10K_100K
2025-05-01 22:51:22,851 - INFO - Initialized feature similarity graph constructor for POSIX_SIZE_READ_0_100
2025-05-01 22:51:22,851 - INFO - Initialized feature similarity graph constructor for POSIX_SIZE_WRITE_100K_1M
2025-05-01 22:51:22,851 - INFO - Initialized feature similarity graph constructor for POSIX_MEM_NOT_ALIGNED
2025-05-01 22:51:22,851 - INFO - Initialized feature similarity graph constructor for POSIX_FILE_NOT_ALIGNED
2025-05-01 22:51:22,851 - INFO - Initialized feature similarity graph constructor for POSIX_SIZE_WRITE_0_100
2025-05-01 22:51:22,851 - INFO - Initialized feature similarity graph constructor for POSIX_SIZE_WRITE_10K_100K
2025-05-01 22:51:22,851 - INFO - Initialized multiplex graph constructor for 9 features
2025-05-01 22:51:22,851 - INFO - Creating combined PyG data
2025-05-01 22:51:22,851 - INFO - Creating combined PyTorch Geometric Data object
2025-05-01 22:51:22,851 - INFO - Creating PyTorch Geometric Data objects
2025-05-01 22:51:22,851 - INFO - Constructing multiplex graphs for 9 features
2025-05-01 22:51:22,861 - WARNING - Feature POSIX_SIZE_READ_10K_100K not found in data, skipping
2025-05-01 22:51:22,949 - INFO - Created 8 multiplex graphs
2025-05-01 22:51:22,949 - INFO - Creating combined graph from multiplex graphs
2025-05-01 22:51:22,951 - INFO - Splitting data into train, validation, and test sets
2025-05-01 22:51:22,952 - INFO - Train: 69, Val: 16, Test: 15
2025-05-01 22:51:22,954 - INFO - Saving processed data to logs/training/catboost/Experiment1/processed_data
2025-05-01 22:51:22,961 - INFO - Constructing multiplex graphs
2025-05-01 22:51:22,961 - INFO - Constructing multiplex graphs for 9 features
2025-05-01 22:51:22,970 - WARNING - Feature POSIX_SIZE_READ_10K_100K not found in data, skipping
2025-05-01 22:51:23,047 - INFO - Created 8 multiplex graphs
2025-05-01 22:51:23,095 - INFO - Creating combined PyG data
2025-05-01 22:51:23,095 - INFO - Creating combined PyTorch Geometric Data object
2025-05-01 22:51:23,095 - INFO - Creating PyTorch Geometric Data objects
2025-05-01 22:51:23,095 - INFO - Constructing multiplex graphs for 9 features
2025-05-01 22:51:23,103 - WARNING - Feature POSIX_SIZE_READ_10K_100K not found in data, skipping
2025-05-01 22:51:23,120 - INFO - Created 8 multiplex graphs
2025-05-01 22:51:23,120 - INFO - Creating combined graph from multiplex graphs
2025-05-01 22:51:23,130 - INFO - Saved processed data to logs/training/catboost/Experiment1/processed_data
2025-05-01 22:51:23,130 - INFO - Initialized catboost model
2025-05-01 22:51:23,497 - INFO - CatBoost model fitted with 45 features
2025-05-01 22:51:23,500 - INFO - Evaluation metrics: {'mse': 0.08458129256871344, 'rmse': 0.2908286309301638, 'mae': 0.1585899347631063, 'r2': 0.8390203105171057}
2025-05-01 22:51:23,503 - INFO - Final metrics: {'mse': 0.08458129256871344, 'rmse': 0.2908286309301638, 'mae': 0.1585899347631063, 'r2': 0.8390203105171057}
2025-05-01 22:51:23,503 - INFO - Model and results saved to logs/training/catboost/Experiment1
2025-05-01 22:51:23,512 - INFO - Model saved to logs/training/catboost/Experiment1/catboost_model.joblib
2025-05-01 22:51:27,210 - INFO - Using device: cuda
2025-05-01 22:51:27,210 - INFO - Initialized I/O data processor for data/sample_train_100.csv
2025-05-01 22:51:27,210 - INFO - Loading data from data/sample_train_100.csv
2025-05-01 22:51:27,213 - INFO - Loaded data with shape (100, 46)
2025-05-01 22:51:27,213 - INFO - Preprocessing data
2025-05-01 22:51:27,213 - INFO - Initialized feature similarity graph constructor for POSIX_SEQ_WRITES
2025-05-01 22:51:27,213 - INFO - Initialized feature similarity graph constructor for POSIX_SIZE_READ_1K_10K
2025-05-01 22:51:27,213 - INFO - Initialized feature similarity graph constructor for POSIX_SIZE_READ_10K_100K
2025-05-01 22:51:27,213 - INFO - Initialized feature similarity graph constructor for POSIX_SIZE_READ_0_100
2025-05-01 22:51:27,213 - INFO - Initialized feature similarity graph constructor for POSIX_SIZE_WRITE_100K_1M
2025-05-01 22:51:27,213 - INFO - Initialized feature similarity graph constructor for POSIX_MEM_NOT_ALIGNED
2025-05-01 22:51:27,213 - INFO - Initialized feature similarity graph constructor for POSIX_FILE_NOT_ALIGNED
2025-05-01 22:51:27,213 - INFO - Initialized feature similarity graph constructor for POSIX_SIZE_WRITE_0_100
2025-05-01 22:51:27,213 - INFO - Initialized feature similarity graph constructor for POSIX_SIZE_WRITE_10K_100K
2025-05-01 22:51:27,213 - INFO - Initialized multiplex graph constructor for 9 features
2025-05-01 22:51:27,213 - INFO - Creating combined PyG data
2025-05-01 22:51:27,213 - INFO - Creating combined PyTorch Geometric Data object
2025-05-01 22:51:27,213 - INFO - Creating PyTorch Geometric Data objects
2025-05-01 22:51:27,213 - INFO - Constructing multiplex graphs for 9 features
2025-05-01 22:51:27,223 - WARNING - Feature POSIX_SIZE_READ_10K_100K not found in data, skipping
2025-05-01 22:51:27,310 - INFO - Created 8 multiplex graphs
2025-05-01 22:51:27,310 - INFO - Creating combined graph from multiplex graphs
2025-05-01 22:51:27,312 - INFO - Splitting data into train, validation, and test sets
2025-05-01 22:51:27,313 - INFO - Train: 69, Val: 16, Test: 15
2025-05-01 22:51:27,315 - INFO - Saving processed data to logs/training/xgboost/Experiment1/processed_data
2025-05-01 22:51:27,322 - INFO - Constructing multiplex graphs
2025-05-01 22:51:27,322 - INFO - Constructing multiplex graphs for 9 features
2025-05-01 22:51:27,330 - WARNING - Feature POSIX_SIZE_READ_10K_100K not found in data, skipping
2025-05-01 22:51:27,410 - INFO - Created 8 multiplex graphs
2025-05-01 22:51:27,448 - INFO - Creating combined PyG data
2025-05-01 22:51:27,448 - INFO - Creating combined PyTorch Geometric Data object
2025-05-01 22:51:27,448 - INFO - Creating PyTorch Geometric Data objects
2025-05-01 22:51:27,448 - INFO - Constructing multiplex graphs for 9 features
2025-05-01 22:51:27,456 - WARNING - Feature POSIX_SIZE_READ_10K_100K not found in data, skipping
2025-05-01 22:51:27,473 - INFO - Created 8 multiplex graphs
2025-05-01 22:51:27,473 - INFO - Creating combined graph from multiplex graphs
2025-05-01 22:51:27,483 - INFO - Saved processed data to logs/training/xgboost/Experiment1/processed_data
2025-05-01 22:51:27,483 - INFO - Initialized xgboost model
2025-05-01 22:51:27,866 - INFO - XGBoost model fitted with 45 features
2025-05-01 22:51:27,868 - INFO - Evaluation metrics: {'mse': 0.06028585880994797, 'rmse': 0.245531787778992, 'mae': 0.1455836147069931, 'r2': 0.8852607011795044}
2025-05-01 22:51:27,871 - INFO - Final metrics: {'mse': 0.06028585880994797, 'rmse': 0.245531787778992, 'mae': 0.1455836147069931, 'r2': 0.8852607011795044}
2025-05-01 22:51:27,871 - INFO - Model and results saved to logs/training/xgboost/Experiment1
2025-05-01 22:51:27,884 - INFO - Model saved to logs/training/xgboost/Experiment1/xgboost_model.joblib
2025-05-01 22:51:31,658 - INFO - Using device: cuda
2025-05-01 22:51:31,658 - INFO - Initialized I/O data processor for data/sample_train_100.csv
2025-05-01 22:51:31,658 - INFO - Loading data from data/sample_train_100.csv
2025-05-01 22:51:31,661 - INFO - Loaded data with shape (100, 46)
2025-05-01 22:51:31,661 - INFO - Preprocessing data
2025-05-01 22:51:31,661 - INFO - Initialized feature similarity graph constructor for POSIX_SEQ_WRITES
2025-05-01 22:51:31,661 - INFO - Initialized feature similarity graph constructor for POSIX_SIZE_READ_1K_10K
2025-05-01 22:51:31,661 - INFO - Initialized feature similarity graph constructor for POSIX_SIZE_READ_10K_100K
2025-05-01 22:51:31,661 - INFO - Initialized feature similarity graph constructor for POSIX_SIZE_READ_0_100
2025-05-01 22:51:31,661 - INFO - Initialized feature similarity graph constructor for POSIX_SIZE_WRITE_100K_1M
2025-05-01 22:51:31,661 - INFO - Initialized feature similarity graph constructor for POSIX_MEM_NOT_ALIGNED
2025-05-01 22:51:31,661 - INFO - Initialized feature similarity graph constructor for POSIX_FILE_NOT_ALIGNED
2025-05-01 22:51:31,661 - INFO - Initialized feature similarity graph constructor for POSIX_SIZE_WRITE_0_100
2025-05-01 22:51:31,661 - INFO - Initialized feature similarity graph constructor for POSIX_SIZE_WRITE_10K_100K
2025-05-01 22:51:31,661 - INFO - Initialized multiplex graph constructor for 9 features
2025-05-01 22:51:31,661 - INFO - Creating combined PyG data
2025-05-01 22:51:31,661 - INFO - Creating combined PyTorch Geometric Data object
2025-05-01 22:51:31,661 - INFO - Creating PyTorch Geometric Data objects
2025-05-01 22:51:31,661 - INFO - Constructing multiplex graphs for 9 features
2025-05-01 22:51:31,671 - WARNING - Feature POSIX_SIZE_READ_10K_100K not found in data, skipping
2025-05-01 22:51:31,755 - INFO - Created 8 multiplex graphs
2025-05-01 22:51:31,755 - INFO - Creating combined graph from multiplex graphs
2025-05-01 22:51:31,757 - INFO - Splitting data into train, validation, and test sets
2025-05-01 22:51:31,759 - INFO - Train: 69, Val: 16, Test: 15
2025-05-01 22:51:31,760 - INFO - Saving processed data to logs/training/mlp/Experiment1/processed_data
2025-05-01 22:51:31,768 - INFO - Constructing multiplex graphs
2025-05-01 22:51:31,768 - INFO - Constructing multiplex graphs for 9 features
2025-05-01 22:51:31,776 - WARNING - Feature POSIX_SIZE_READ_10K_100K not found in data, skipping
2025-05-01 22:51:31,855 - INFO - Created 8 multiplex graphs
2025-05-01 22:51:31,896 - INFO - Creating combined PyG data
2025-05-01 22:51:31,896 - INFO - Creating combined PyTorch Geometric Data object
2025-05-01 22:51:31,896 - INFO - Creating PyTorch Geometric Data objects
2025-05-01 22:51:31,896 - INFO - Constructing multiplex graphs for 9 features
2025-05-01 22:51:31,904 - WARNING - Feature POSIX_SIZE_READ_10K_100K not found in data, skipping
2025-05-01 22:51:31,921 - INFO - Created 8 multiplex graphs
2025-05-01 22:51:31,921 - INFO - Creating combined graph from multiplex graphs
2025-05-01 22:51:31,931 - INFO - Saved processed data to logs/training/mlp/Experiment1/processed_data
2025-05-01 22:51:31,931 - INFO - Initialized mlp model
2025-05-01 22:51:31,957 - INFO - MLP model fitted with 45 features
2025-05-01 22:51:31,959 - INFO - Evaluation metrics: {'mse': 0.2454574853181839, 'rmse': 0.49543666125770697, 'mae': 0.30503901839256287, 'r2': 0.5328320264816284}
2025-05-01 22:51:31,961 - INFO - Final metrics: {'mse': 0.2454574853181839, 'rmse': 0.49543666125770697, 'mae': 0.30503901839256287, 'r2': 0.5328320264816284}
2025-05-01 22:51:31,961 - INFO - Model and results saved to logs/training/mlp/Experiment1
2025-05-01 22:51:31,966 - INFO - Model saved to logs/training/mlp/Experiment1/mlp_model.joblib
2025-05-01 22:51:35,691 - INFO - Using device: cuda
2025-05-01 22:51:35,691 - INFO - Initialized I/O data processor for data/sample_train_100.csv
2025-05-01 22:51:35,691 - INFO - Loading data from data/sample_train_100.csv
2025-05-01 22:51:35,694 - INFO - Loaded data with shape (100, 46)
2025-05-01 22:51:35,695 - INFO - Preprocessing data
2025-05-01 22:51:35,695 - INFO - Initialized feature similarity graph constructor for POSIX_SEQ_WRITES
2025-05-01 22:51:35,695 - INFO - Initialized feature similarity graph constructor for POSIX_SIZE_READ_1K_10K
2025-05-01 22:51:35,695 - INFO - Initialized feature similarity graph constructor for POSIX_SIZE_READ_10K_100K
2025-05-01 22:51:35,695 - INFO - Initialized feature similarity graph constructor for POSIX_SIZE_READ_0_100
2025-05-01 22:51:35,695 - INFO - Initialized feature similarity graph constructor for POSIX_SIZE_WRITE_100K_1M
2025-05-01 22:51:35,695 - INFO - Initialized feature similarity graph constructor for POSIX_MEM_NOT_ALIGNED
2025-05-01 22:51:35,695 - INFO - Initialized feature similarity graph constructor for POSIX_FILE_NOT_ALIGNED
2025-05-01 22:51:35,695 - INFO - Initialized feature similarity graph constructor for POSIX_SIZE_WRITE_0_100
2025-05-01 22:51:35,695 - INFO - Initialized feature similarity graph constructor for POSIX_SIZE_WRITE_10K_100K
2025-05-01 22:51:35,695 - INFO - Initialized multiplex graph constructor for 9 features
2025-05-01 22:51:35,695 - INFO - Creating combined PyG data
2025-05-01 22:51:35,695 - INFO - Creating combined PyTorch Geometric Data object
2025-05-01 22:51:35,695 - INFO - Creating PyTorch Geometric Data objects
2025-05-01 22:51:35,695 - INFO - Constructing multiplex graphs for 9 features
2025-05-01 22:51:35,705 - WARNING - Feature POSIX_SIZE_READ_10K_100K not found in data, skipping
2025-05-01 22:51:35,791 - INFO - Created 8 multiplex graphs
2025-05-01 22:51:35,791 - INFO - Creating combined graph from multiplex graphs
2025-05-01 22:51:35,793 - INFO - Splitting data into train, validation, and test sets
2025-05-01 22:51:35,794 - INFO - Train: 69, Val: 16, Test: 15
2025-05-01 22:51:35,796 - INFO - Saving processed data to logs/training/tabnet/Experiment1/processed_data
2025-05-01 22:51:35,804 - INFO - Constructing multiplex graphs
2025-05-01 22:51:35,804 - INFO - Constructing multiplex graphs for 9 features
2025-05-01 22:51:35,813 - WARNING - Feature POSIX_SIZE_READ_10K_100K not found in data, skipping
2025-05-01 22:51:35,890 - INFO - Created 8 multiplex graphs
2025-05-01 22:51:35,928 - INFO - Creating combined PyG data
2025-05-01 22:51:35,928 - INFO - Creating combined PyTorch Geometric Data object
2025-05-01 22:51:35,928 - INFO - Creating PyTorch Geometric Data objects
2025-05-01 22:51:35,928 - INFO - Constructing multiplex graphs for 9 features
2025-05-01 22:51:35,937 - WARNING - Feature POSIX_SIZE_READ_10K_100K not found in data, skipping
2025-05-01 22:51:35,954 - INFO - Created 8 multiplex graphs
2025-05-01 22:51:35,954 - INFO - Creating combined graph from multiplex graphs
2025-05-01 22:51:35,964 - INFO - Saved processed data to logs/training/tabnet/Experiment1/processed_data
2025-05-01 22:51:35,964 - INFO - Initialized tabnet model
/u/mbanisharifdehkordi/.local/lib/python3.9/site-packages/pytorch_tabnet/abstract_model.py:82: UserWarning: Device used : cuda
  warnings.warn(f"Device used : {self.device}")
/u/mbanisharifdehkordi/.local/lib/python3.9/site-packages/pytorch_tabnet/abstract_model.py:687: UserWarning: No early stopping will be performed, last training weights will be used.
  warnings.warn(wrn_msg)
2025-05-01 22:51:36,481 - INFO - TabNet model fitted with 45 features
2025-05-01 22:51:36,531 - INFO - Evaluation metrics: {'mse': 197.20175170898438, 'rmse': 14.042854115491778, 'mae': 13.18582534790039, 'r2': -374.3250427246094}
2025-05-01 22:51:36,534 - INFO - Final metrics: {'mse': 197.20175170898438, 'rmse': 14.042854115491778, 'mae': 13.18582534790039, 'r2': -374.3250427246094}
2025-05-01 22:51:36,534 - INFO - Model and results saved to logs/training/tabnet/Experiment1
2025-05-01 22:51:36,581 - INFO - Model saved to logs/training/tabnet/Experiment1/tabnet_model.joblib
2025-05-01 22:51:40,458 - INFO - Using device: cuda
2025-05-01 22:51:40,458 - INFO - Initialized I/O data processor for data/sample_train_100.csv
2025-05-01 22:51:40,458 - INFO - Loading data from data/sample_train_100.csv
2025-05-01 22:51:40,461 - INFO - Loaded data with shape (100, 46)
2025-05-01 22:51:40,461 - INFO - Preprocessing data
2025-05-01 22:51:40,461 - INFO - Initialized feature similarity graph constructor for POSIX_SEQ_WRITES
2025-05-01 22:51:40,461 - INFO - Initialized feature similarity graph constructor for POSIX_SIZE_READ_1K_10K
2025-05-01 22:51:40,461 - INFO - Initialized feature similarity graph constructor for POSIX_SIZE_READ_10K_100K
2025-05-01 22:51:40,461 - INFO - Initialized feature similarity graph constructor for POSIX_SIZE_READ_0_100
2025-05-01 22:51:40,461 - INFO - Initialized feature similarity graph constructor for POSIX_SIZE_WRITE_100K_1M
2025-05-01 22:51:40,461 - INFO - Initialized feature similarity graph constructor for POSIX_MEM_NOT_ALIGNED
2025-05-01 22:51:40,461 - INFO - Initialized feature similarity graph constructor for POSIX_FILE_NOT_ALIGNED
2025-05-01 22:51:40,461 - INFO - Initialized feature similarity graph constructor for POSIX_SIZE_WRITE_0_100
2025-05-01 22:51:40,461 - INFO - Initialized feature similarity graph constructor for POSIX_SIZE_WRITE_10K_100K
2025-05-01 22:51:40,461 - INFO - Initialized multiplex graph constructor for 9 features
2025-05-01 22:51:40,461 - INFO - Creating combined PyG data
2025-05-01 22:51:40,461 - INFO - Creating combined PyTorch Geometric Data object
2025-05-01 22:51:40,461 - INFO - Creating PyTorch Geometric Data objects
2025-05-01 22:51:40,461 - INFO - Constructing multiplex graphs for 9 features
2025-05-01 22:51:40,471 - WARNING - Feature POSIX_SIZE_READ_10K_100K not found in data, skipping
2025-05-01 22:51:40,558 - INFO - Created 8 multiplex graphs
2025-05-01 22:51:40,558 - INFO - Creating combined graph from multiplex graphs
2025-05-01 22:51:40,560 - INFO - Splitting data into train, validation, and test sets
2025-05-01 22:51:40,561 - INFO - Train: 69, Val: 16, Test: 15
2025-05-01 22:51:40,563 - INFO - Saving processed data to logs/training/tabgnn/Experiment1/processed_data
2025-05-01 22:51:40,570 - INFO - Constructing multiplex graphs
2025-05-01 22:51:40,570 - INFO - Constructing multiplex graphs for 9 features
2025-05-01 22:51:40,579 - WARNING - Feature POSIX_SIZE_READ_10K_100K not found in data, skipping
2025-05-01 22:51:40,656 - INFO - Created 8 multiplex graphs
2025-05-01 22:51:40,694 - INFO - Creating combined PyG data
2025-05-01 22:51:40,694 - INFO - Creating combined PyTorch Geometric Data object
2025-05-01 22:51:40,694 - INFO - Creating PyTorch Geometric Data objects
2025-05-01 22:51:40,694 - INFO - Constructing multiplex graphs for 9 features
2025-05-01 22:51:40,702 - WARNING - Feature POSIX_SIZE_READ_10K_100K not found in data, skipping
2025-05-01 22:51:40,719 - INFO - Created 8 multiplex graphs
2025-05-01 22:51:40,719 - INFO - Creating combined graph from multiplex graphs
2025-05-01 22:51:40,729 - INFO - Saved processed data to logs/training/tabgnn/Experiment1/processed_data
2025-05-01 22:51:41,683 - INFO - Initialized GCN model with 2 layers
2025-05-01 22:51:41,683 - INFO - Initialized TabGNN regressor with 1 graph types
2025-05-01 22:51:41,841 - INFO - Epoch 1/100: Train Loss: 4.0192, Val Loss: 1.7285, Test Loss: 2.4640
2025-05-01 22:51:41,848 - INFO - Epoch 2/100: Train Loss: 3.0997, Val Loss: 1.2495, Test Loss: 1.8183
2025-05-01 22:51:41,852 - INFO - Epoch 3/100: Train Loss: 2.4366, Val Loss: 0.9640, Test Loss: 1.3798
2025-05-01 22:51:41,856 - INFO - Epoch 4/100: Train Loss: 1.8712, Val Loss: 0.7680, Test Loss: 1.0371
2025-05-01 22:51:41,861 - INFO - Epoch 5/100: Train Loss: 1.4657, Val Loss: 0.6320, Test Loss: 0.7870
2025-05-01 22:51:41,865 - INFO - Epoch 6/100: Train Loss: 1.1993, Val Loss: 0.5900, Test Loss: 0.6349
2025-05-01 22:51:41,869 - INFO - Epoch 7/100: Train Loss: 1.0717, Val Loss: 0.6085, Test Loss: 0.5631
2025-05-01 22:51:41,874 - INFO - Epoch 8/100: Train Loss: 0.9448, Val Loss: 0.6764, Test Loss: 0.5510
2025-05-01 22:51:41,878 - INFO - Epoch 9/100: Train Loss: 0.9485, Val Loss: 0.7448, Test Loss: 0.5649
2025-05-01 22:51:41,882 - INFO - Epoch 10/100: Train Loss: 0.9688, Val Loss: 0.7983, Test Loss: 0.5849
2025-05-01 22:51:41,887 - INFO - Epoch 11/100: Train Loss: 0.8843, Val Loss: 0.8185, Test Loss: 0.5901
2025-05-01 22:51:41,891 - INFO - Epoch 12/100: Train Loss: 0.9709, Val Loss: 0.7887, Test Loss: 0.5661
2025-05-01 22:51:41,895 - INFO - Epoch 13/100: Train Loss: 0.8311, Val Loss: 0.7588, Test Loss: 0.5456
2025-05-01 22:51:41,899 - INFO - Epoch 14/100: Train Loss: 1.0298, Val Loss: 0.7100, Test Loss: 0.5147
2025-05-01 22:51:41,904 - INFO - Epoch 15/100: Train Loss: 0.8263, Val Loss: 0.6525, Test Loss: 0.4804
2025-05-01 22:51:41,908 - INFO - Epoch 16/100: Train Loss: 0.7838, Val Loss: 0.5962, Test Loss: 0.4480
2025-05-01 22:51:41,908 - INFO - Early stopping at epoch 16
2025-05-01 22:51:41,912 - INFO - Model checkpoint saved to logs/training/tabgnn/Experiment1/tabgnn_model.pt
2025-05-01 22:51:42,066 - INFO - Final metrics: {'mse': 0.4479856789112091, 'rmse': 0.6693173230323634, 'mae': 0.522309422492981, 'r2': 0.14736944437026978}
2025-05-01 22:51:42,066 - INFO - Model and results saved to logs/training/tabgnn/Experiment1
2025-05-01 22:51:45,941 - INFO - Using device: cuda
2025-05-01 22:51:45,941 - INFO - Initialized I/O data processor for data/sample_train_100.csv
2025-05-01 22:51:45,941 - INFO - Loading data from data/sample_train_100.csv
2025-05-01 22:51:45,944 - INFO - Loaded data with shape (100, 46)
2025-05-01 22:51:45,944 - INFO - Preprocessing data
2025-05-01 22:51:45,944 - INFO - Initialized feature similarity graph constructor for POSIX_SEQ_WRITES
2025-05-01 22:51:45,944 - INFO - Initialized feature similarity graph constructor for POSIX_SIZE_READ_1K_10K
2025-05-01 22:51:45,944 - INFO - Initialized feature similarity graph constructor for POSIX_SIZE_READ_10K_100K
2025-05-01 22:51:45,944 - INFO - Initialized feature similarity graph constructor for POSIX_SIZE_READ_0_100
2025-05-01 22:51:45,944 - INFO - Initialized feature similarity graph constructor for POSIX_SIZE_WRITE_100K_1M
2025-05-01 22:51:45,944 - INFO - Initialized feature similarity graph constructor for POSIX_MEM_NOT_ALIGNED
2025-05-01 22:51:45,944 - INFO - Initialized feature similarity graph constructor for POSIX_FILE_NOT_ALIGNED
2025-05-01 22:51:45,945 - INFO - Initialized feature similarity graph constructor for POSIX_SIZE_WRITE_0_100
2025-05-01 22:51:45,945 - INFO - Initialized feature similarity graph constructor for POSIX_SIZE_WRITE_10K_100K
2025-05-01 22:51:45,945 - INFO - Initialized multiplex graph constructor for 9 features
2025-05-01 22:51:45,945 - INFO - Creating combined PyG data
2025-05-01 22:51:45,945 - INFO - Creating combined PyTorch Geometric Data object
2025-05-01 22:51:45,945 - INFO - Creating PyTorch Geometric Data objects
2025-05-01 22:51:45,945 - INFO - Constructing multiplex graphs for 9 features
2025-05-01 22:51:45,955 - WARNING - Feature POSIX_SIZE_READ_10K_100K not found in data, skipping
2025-05-01 22:51:46,046 - INFO - Created 8 multiplex graphs
2025-05-01 22:51:46,046 - INFO - Creating combined graph from multiplex graphs
2025-05-01 22:51:46,048 - INFO - Splitting data into train, validation, and test sets
2025-05-01 22:51:46,049 - INFO - Train: 69, Val: 16, Test: 15
2025-05-01 22:51:46,051 - INFO - Saving processed data to logs/training/combined/Experiment1/processed_data
2025-05-01 22:51:46,059 - INFO - Constructing multiplex graphs
2025-05-01 22:51:46,059 - INFO - Constructing multiplex graphs for 9 features
2025-05-01 22:51:46,067 - WARNING - Feature POSIX_SIZE_READ_10K_100K not found in data, skipping
2025-05-01 22:51:46,148 - INFO - Created 8 multiplex graphs
2025-05-01 22:51:46,190 - INFO - Creating combined PyG data
2025-05-01 22:51:46,190 - INFO - Creating combined PyTorch Geometric Data object
2025-05-01 22:51:46,190 - INFO - Creating PyTorch Geometric Data objects
2025-05-01 22:51:46,190 - INFO - Constructing multiplex graphs for 9 features
2025-05-01 22:51:46,198 - WARNING - Feature POSIX_SIZE_READ_10K_100K not found in data, skipping
2025-05-01 22:51:46,215 - INFO - Created 8 multiplex graphs
2025-05-01 22:51:46,215 - INFO - Creating combined graph from multiplex graphs
2025-05-01 22:51:46,226 - INFO - Saved processed data to logs/training/combined/Experiment1/processed_data
2025-05-01 22:51:46,514 - INFO - Initialized GCN model with 2 layers
2025-05-01 22:51:46,515 - INFO - Initialized TabGNN regressor with 1 graph types
2025-05-01 22:51:46,684 - INFO - Epoch 1/100: Train Loss: 4.0192, Val Loss: 1.7285, Test Loss: 2.4640
2025-05-01 22:51:46,690 - INFO - Epoch 2/100: Train Loss: 3.0997, Val Loss: 1.2495, Test Loss: 1.8183
2025-05-01 22:51:46,694 - INFO - Epoch 3/100: Train Loss: 2.4366, Val Loss: 0.9640, Test Loss: 1.3798
2025-05-01 22:51:46,698 - INFO - Epoch 4/100: Train Loss: 1.8712, Val Loss: 0.7680, Test Loss: 1.0371
2025-05-01 22:51:46,706 - INFO - Epoch 5/100: Train Loss: 1.4657, Val Loss: 0.6320, Test Loss: 0.7870
2025-05-01 22:51:46,711 - INFO - Epoch 6/100: Train Loss: 1.1993, Val Loss: 0.5900, Test Loss: 0.6349
2025-05-01 22:51:46,715 - INFO - Epoch 7/100: Train Loss: 1.0717, Val Loss: 0.6085, Test Loss: 0.5631
2025-05-01 22:51:46,719 - INFO - Epoch 8/100: Train Loss: 0.9448, Val Loss: 0.6764, Test Loss: 0.5510
2025-05-01 22:51:46,724 - INFO - Epoch 9/100: Train Loss: 0.9485, Val Loss: 0.7448, Test Loss: 0.5649
2025-05-01 22:51:46,728 - INFO - Epoch 10/100: Train Loss: 0.9688, Val Loss: 0.7983, Test Loss: 0.5849
2025-05-01 22:51:46,732 - INFO - Epoch 11/100: Train Loss: 0.8843, Val Loss: 0.8185, Test Loss: 0.5901
2025-05-01 22:51:46,737 - INFO - Epoch 12/100: Train Loss: 0.9709, Val Loss: 0.7887, Test Loss: 0.5661
2025-05-01 22:51:46,741 - INFO - Epoch 13/100: Train Loss: 0.8311, Val Loss: 0.7588, Test Loss: 0.5456
2025-05-01 22:51:46,745 - INFO - Epoch 14/100: Train Loss: 1.0298, Val Loss: 0.7100, Test Loss: 0.5147
2025-05-01 22:51:46,750 - INFO - Epoch 15/100: Train Loss: 0.8263, Val Loss: 0.6525, Test Loss: 0.4804
2025-05-01 22:51:46,754 - INFO - Epoch 16/100: Train Loss: 0.7838, Val Loss: 0.5962, Test Loss: 0.4480
2025-05-01 22:51:46,754 - INFO - Early stopping at epoch 16
2025-05-01 22:51:46,754 - INFO - Initialized lightgbm model
2025-05-01 22:51:46,754 - INFO - Initialized TabGNN tabular model with lightgbm base model
/u/mbanisharifdehkordi/.conda/envs/gnn4_env/lib/python3.9/site-packages/sklearn/utils/deprecation.py:151: FutureWarning: 'force_all_finite' was renamed to 'ensure_all_finite' in 1.6 and will be removed in 1.8.
  warnings.warn(
2025-05-01 22:51:46,855 - INFO - LightGBM model fitted with 109 features
2025-05-01 22:51:46,855 - INFO - TabGNN tabular model fitted with 109 features
/u/mbanisharifdehkordi/.conda/envs/gnn4_env/lib/python3.9/site-packages/sklearn/utils/deprecation.py:151: FutureWarning: 'force_all_finite' was renamed to 'ensure_all_finite' in 1.6 and will be removed in 1.8.
  warnings.warn(
2025-05-01 22:51:46,860 - INFO - Evaluation metrics: {'mse': 0.018343203557100105, 'rmse': 0.1354370833896688, 'mae': 0.09872109807502656, 'r2': 0.9757679208866826}
2025-05-01 22:51:46,862 - INFO - Final metrics: {'mse': 0.018343203557100105, 'rmse': 0.1354370833896688, 'mae': 0.09872109807502656, 'r2': 0.9757679208866826}
2025-05-01 22:51:46,862 - INFO - Model and results saved to logs/training/combined/Experiment1
2025-05-01 22:51:46,866 - INFO - Model checkpoint saved to logs/training/combined/Experiment1/tabgnn_part.pt
2025-05-01 22:51:46,881 - INFO - Model saved to logs/training/combined/Experiment1/tabular_part.joblib
2025-05-01 22:51:46,881 - INFO - TabGNN tabular model saved to logs/training/combined/Experiment1/tabgnn_part.pt and logs/training/combined/Experiment1/tabular_part.joblib
2025-05-01 22:51:48,176 - WARNING - No metrics file found for logs/training/all/Experiment1
2025-05-01 22:51:48,176 - WARNING - No metrics file found for logs/training/catboost/Experiment1
2025-05-01 22:51:48,176 - WARNING - No metrics file found for logs/training/combined/Experiment1
2025-05-01 22:51:48,176 - WARNING - No metrics file found for logs/training/lightgbm/Experiment1
2025-05-01 22:51:48,176 - WARNING - No metrics file found for logs/training/mlp/Experiment1
2025-05-01 22:51:48,176 - WARNING - No metrics file found for logs/training/tabgnn/Experiment1
2025-05-01 22:51:48,176 - WARNING - No metrics file found for logs/training/tabnet/Experiment1
2025-05-01 22:51:48,176 - WARNING - No metrics file found for logs/training/xgboost/Experiment1
2025-05-01 22:51:48,176 - ERROR - No metrics found in results directory
