Running mlp model...
2025-05-26 12:24:31,298 - INFO - Parsed arguments:
{
    "data_path": "data/sample_100K.csv",
    "output_dir": "logs/training/all/Experiment4/mlp",
    "target_column": "tag",
    "important_features": "POSIX_SEQ_WRITES POSIX_SIZE_READ_1K_10K POSIX_SIZE_READ_0_100 POSIX_SIZE_WRITE_100K_1M POSIX_MEM_NOT_ALIGNED POSIX_FILE_NOT_ALIGNED POSIX_SEEKS POSIX_OPENS",
    "similarity_threshold": 0.05,
    "model_type": "mlp",
    "gnn_type": "gcn",
    "hidden_dim": 64,
    "num_layers": 2,
    "dropout": 0.1,
    "batch_size": 32,
    "epochs": 100,
    "lr": 0.001,
    "weight_decay": 0.0001,
    "patience": 10,
    "seed": 42,
    "device": "cuda",
    "precomputed_similarity_path": "data/similarity_output_merged_100K.pt"
}
2025-05-26 12:24:31,306 - INFO - Using device: cuda
2025-05-26 12:24:31,306 - INFO - Initialized I/O data processor for data/sample_100K.csv
2025-05-26 12:24:31,306 - INFO - Loading data from data/sample_100K.csv
2025-05-26 12:24:31,783 - INFO - Loaded data with shape (100000, 46)
2025-05-26 12:24:31,783 - INFO - Preprocessing data
2025-05-26 12:24:31,783 - INFO - Initialized feature similarity graph constructor for POSIX_SEQ_WRITES
2025-05-26 12:24:31,783 - INFO - Initialized feature similarity graph constructor for POSIX_SIZE_READ_1K_10K
2025-05-26 12:24:31,783 - INFO - Initialized feature similarity graph constructor for POSIX_SIZE_READ_0_100
2025-05-26 12:24:31,783 - INFO - Initialized feature similarity graph constructor for POSIX_SIZE_WRITE_100K_1M
2025-05-26 12:24:31,783 - INFO - Initialized feature similarity graph constructor for POSIX_MEM_NOT_ALIGNED
2025-05-26 12:24:31,783 - INFO - Initialized feature similarity graph constructor for POSIX_FILE_NOT_ALIGNED
2025-05-26 12:24:31,783 - INFO - Initialized feature similarity graph constructor for POSIX_SEEKS
2025-05-26 12:24:31,783 - INFO - Initialized feature similarity graph constructor for POSIX_OPENS
2025-05-26 12:24:31,783 - INFO - Initialized multiplex graph constructor for 8 features
2025-05-26 12:24:31,783 - INFO - Creating combined PyG data
2025-05-26 12:24:31,784 - INFO - Loading precomputed similarity from data/similarity_output_merged_100K.pt
2025-05-26 12:25:26,113 - INFO - Splitting data into train, validation, and test sets
2025-05-26 12:25:26,296 - INFO - Train: 69999, Val: 15001, Test: 15000
2025-05-26 12:25:26,306 - INFO - Saving processed data to logs/training/all/Experiment4/mlp/processed_data
2025-05-26 12:25:28,916 - INFO - Constructing multiplex graphs
2025-05-26 12:25:28,917 - INFO - Loading precomputed similarity from data/similarity_output_merged_100K.pt
2025-05-26 12:26:15,125 - INFO - Creating combined PyG data
2025-05-26 12:26:15,126 - INFO - Loading precomputed similarity from data/similarity_output_merged_100K.pt
2025-05-26 12:26:59,722 - INFO - Saved processed data to logs/training/all/Experiment4/mlp/processed_data
2025-05-26 12:26:59,734 - INFO - Initialized mlp model
2025-05-26 12:27:14,408 - INFO - MLP model fitted with 45 features
2025-05-26 12:27:14,421 - INFO - Evaluation metrics: {'mse': 0.00016301813593599945, 'rmse': 0.012767855573117964, 'mae': 0.007080026436597109, 'r2': 0.9315701127052307}
2025-05-26 12:27:14,426 - INFO - Final metrics: {'mse': 0.00016301813593599945, 'rmse': 0.012767855573117964, 'mae': 0.007080026436597109, 'r2': 0.9315701127052307}
2025-05-26 12:27:14,426 - INFO - Model and results saved to logs/training/all/Experiment4/mlp
2025-05-26 12:27:14,437 - INFO - Model saved to logs/training/all/Experiment4/mlp/mlp_model.joblib
mlp model completed.
