Running lightgbm model...
2025-05-26 12:23:28,383 - INFO - Parsed arguments:
{
    "data_path": "data/sample_100K.csv",
    "output_dir": "logs/training/all/Experiment4/lightgbm",
    "target_column": "tag",
    "important_features": "POSIX_SEQ_WRITES POSIX_SIZE_READ_1K_10K POSIX_SIZE_READ_0_100 POSIX_SIZE_WRITE_100K_1M POSIX_MEM_NOT_ALIGNED POSIX_FILE_NOT_ALIGNED POSIX_SEEKS POSIX_OPENS",
    "similarity_threshold": 0.05,
    "model_type": "lightgbm",
    "gnn_type": "gcn",
    "hidden_dim": 64,
    "num_layers": 2,
    "dropout": 0.1,
    "batch_size": 32,
    "epochs": 100,
    "lr": 0.001,
    "weight_decay": 0.0001,
    "patience": 10,
    "seed": 42,
    "device": "cuda",
    "precomputed_similarity_path": "data/similarity_output_merged_100K.pt"
}
2025-05-26 12:23:28,390 - INFO - Using device: cuda
2025-05-26 12:23:28,390 - INFO - Initialized I/O data processor for data/sample_100K.csv
2025-05-26 12:23:28,390 - INFO - Loading data from data/sample_100K.csv
2025-05-26 12:23:29,004 - INFO - Loaded data with shape (100000, 46)
2025-05-26 12:23:29,004 - INFO - Preprocessing data
2025-05-26 12:23:29,004 - INFO - Initialized feature similarity graph constructor for POSIX_SEQ_WRITES
2025-05-26 12:23:29,004 - INFO - Initialized feature similarity graph constructor for POSIX_SIZE_READ_1K_10K
2025-05-26 12:23:29,004 - INFO - Initialized feature similarity graph constructor for POSIX_SIZE_READ_0_100
2025-05-26 12:23:29,004 - INFO - Initialized feature similarity graph constructor for POSIX_SIZE_WRITE_100K_1M
2025-05-26 12:23:29,004 - INFO - Initialized feature similarity graph constructor for POSIX_MEM_NOT_ALIGNED
2025-05-26 12:23:29,004 - INFO - Initialized feature similarity graph constructor for POSIX_FILE_NOT_ALIGNED
2025-05-26 12:23:29,004 - INFO - Initialized feature similarity graph constructor for POSIX_SEEKS
2025-05-26 12:23:29,005 - INFO - Initialized feature similarity graph constructor for POSIX_OPENS
2025-05-26 12:23:29,005 - INFO - Initialized multiplex graph constructor for 8 features
2025-05-26 12:23:29,005 - INFO - Creating combined PyG data
2025-05-26 12:23:29,005 - INFO - Loading precomputed similarity from data/similarity_output_merged_100K.pt
2025-05-26 12:24:24,110 - INFO - Splitting data into train, validation, and test sets
2025-05-26 12:24:24,290 - INFO - Train: 69999, Val: 15001, Test: 15000
2025-05-26 12:24:24,294 - INFO - Saving processed data to logs/training/all/Experiment4/lightgbm/processed_data
2025-05-26 12:24:26,956 - INFO - Constructing multiplex graphs
2025-05-26 12:24:26,957 - INFO - Loading precomputed similarity from data/similarity_output_merged_100K.pt
2025-05-26 12:25:14,483 - INFO - Creating combined PyG data
2025-05-26 12:25:14,483 - INFO - Loading precomputed similarity from data/similarity_output_merged_100K.pt
2025-05-26 12:25:59,351 - INFO - Saved processed data to logs/training/all/Experiment4/lightgbm/processed_data
2025-05-26 12:25:59,362 - INFO - Initialized lightgbm model
/u/mbanisharifdehkordi/.conda/envs/gnn4_env/lib/python3.9/site-packages/sklearn/utils/deprecation.py:151: FutureWarning: 'force_all_finite' was renamed to 'ensure_all_finite' in 1.6 and will be removed in 1.8.
  warnings.warn(
2025-05-26 12:26:01,577 - INFO - LightGBM model fitted with 45 features
/u/mbanisharifdehkordi/.conda/envs/gnn4_env/lib/python3.9/site-packages/sklearn/utils/deprecation.py:151: FutureWarning: 'force_all_finite' was renamed to 'ensure_all_finite' in 1.6 and will be removed in 1.8.
  warnings.warn(
2025-05-26 12:26:01,665 - INFO - Evaluation metrics: {'mse': 0.00010251345309648767, 'rmse': 0.010124892744937483, 'mae': 0.005038886044565449, 'r2': 0.9569680877670957}
2025-05-26 12:26:01,668 - INFO - Final metrics: {'mse': 0.00010251345309648767, 'rmse': 0.010124892744937483, 'mae': 0.005038886044565449, 'r2': 0.9569680877670957}
2025-05-26 12:26:01,668 - INFO - Model and results saved to logs/training/all/Experiment4/lightgbm
2025-05-26 12:26:01,728 - INFO - Model saved to logs/training/all/Experiment4/lightgbm/lightgbm_model.joblib
[LightGBM] [Info] Auto-choosing col-wise multi-threading, the overhead of testing was 0.002610 seconds.
You can set `force_col_wise=true` to remove the overhead.
[LightGBM] [Info] Total Bins 11472
[LightGBM] [Info] Number of data points in the train set: 69999, number of used features: 45
[LightGBM] [Info] Start training from score 0.038042
lightgbm model completed.
