Running tabgnn model...
Remaining args: ['--output_dir', 'logs/training/all/Experiment8/tabgnn', '--device', 'cuda', '--model_type', 'tabgnn', '--data_path', 'data/1M/sample_1M.csv', '--target_column', 'tag', '--similarity_threshold', '0.05', '--hidden_dim', '64', '--num_layers', '2', '--dropout', '0.1', '--batch_size', '32', '--epochs', '100', '--lr', '0.001', '--weight_decay', '0.0001', '--patience', '10', '--seed', '42', '--similarity_dir_paths', '/projects/bdau/mbanisharifdehkordi/gnn_data/GNN_4_IO_4/data/1M/_rows_rank0', '/projects/bdau/mbanisharifdehkordi/gnn_data/GNN_4_IO_4/data/1M/_rows_rank1', '/projects/bdau/mbanisharifdehkordi/gnn_data/GNN_4_IO_4/data/1M/_rows_rank2', '/projects/bdau/mbanisharifdehkordi/gnn_data/GNN_4_IO_4/data/1M/_rows_rank3']
tabgnn model completed.
Running lightgbm model...
Remaining args: ['--output_dir', 'logs/training/all/Experiment8/lightgbm', '--device', 'cuda', '--model_type', 'lightgbm', '--data_path', 'data/1M/sample_1M.csv', '--target_column', 'tag', '--similarity_threshold', '0.05', '--hidden_dim', '64', '--num_layers', '2', '--dropout', '0.1', '--batch_size', '32', '--epochs', '100', '--lr', '0.001', '--weight_decay', '0.0001', '--patience', '10', '--seed', '42', '--similarity_dir_paths', '/projects/bdau/mbanisharifdehkordi/gnn_data/GNN_4_IO_4/data/1M/_rows_rank0', '/projects/bdau/mbanisharifdehkordi/gnn_data/GNN_4_IO_4/data/1M/_rows_rank1', '/projects/bdau/mbanisharifdehkordi/gnn_data/GNN_4_IO_4/data/1M/_rows_rank2', '/projects/bdau/mbanisharifdehkordi/gnn_data/GNN_4_IO_4/data/1M/_rows_rank3']
lightgbm model completed.
Running catboost model...
Remaining args: ['--output_dir', 'logs/training/all/Experiment8/catboost', '--device', 'cuda', '--model_type', 'catboost', '--data_path', 'data/1M/sample_1M.csv', '--target_column', 'tag', '--similarity_threshold', '0.05', '--hidden_dim', '64', '--num_layers', '2', '--dropout', '0.1', '--batch_size', '32', '--epochs', '100', '--lr', '0.001', '--weight_decay', '0.0001', '--patience', '10', '--seed', '42', '--similarity_dir_paths', '/projects/bdau/mbanisharifdehkordi/gnn_data/GNN_4_IO_4/data/1M/_rows_rank0', '/projects/bdau/mbanisharifdehkordi/gnn_data/GNN_4_IO_4/data/1M/_rows_rank1', '/projects/bdau/mbanisharifdehkordi/gnn_data/GNN_4_IO_4/data/1M/_rows_rank2', '/projects/bdau/mbanisharifdehkordi/gnn_data/GNN_4_IO_4/data/1M/_rows_rank3']
catboost model completed.
Running xgboost model...
Remaining args: ['--output_dir', 'logs/training/all/Experiment8/xgboost', '--device', 'cuda', '--model_type', 'xgboost', '--data_path', 'data/1M/sample_1M.csv', '--target_column', 'tag', '--similarity_threshold', '0.05', '--hidden_dim', '64', '--num_layers', '2', '--dropout', '0.1', '--batch_size', '32', '--epochs', '100', '--lr', '0.001', '--weight_decay', '0.0001', '--patience', '10', '--seed', '42', '--similarity_dir_paths', '/projects/bdau/mbanisharifdehkordi/gnn_data/GNN_4_IO_4/data/1M/_rows_rank0', '/projects/bdau/mbanisharifdehkordi/gnn_data/GNN_4_IO_4/data/1M/_rows_rank1', '/projects/bdau/mbanisharifdehkordi/gnn_data/GNN_4_IO_4/data/1M/_rows_rank2', '/projects/bdau/mbanisharifdehkordi/gnn_data/GNN_4_IO_4/data/1M/_rows_rank3']
xgboost model completed.
Running mlp model...
Remaining args: ['--output_dir', 'logs/training/all/Experiment8/mlp', '--device', 'cuda', '--model_type', 'mlp', '--data_path', 'data/1M/sample_1M.csv', '--target_column', 'tag', '--similarity_threshold', '0.05', '--hidden_dim', '64', '--num_layers', '2', '--dropout', '0.1', '--batch_size', '32', '--epochs', '100', '--lr', '0.001', '--weight_decay', '0.0001', '--patience', '10', '--seed', '42', '--similarity_dir_paths', '/projects/bdau/mbanisharifdehkordi/gnn_data/GNN_4_IO_4/data/1M/_rows_rank0', '/projects/bdau/mbanisharifdehkordi/gnn_data/GNN_4_IO_4/data/1M/_rows_rank1', '/projects/bdau/mbanisharifdehkordi/gnn_data/GNN_4_IO_4/data/1M/_rows_rank2', '/projects/bdau/mbanisharifdehkordi/gnn_data/GNN_4_IO_4/data/1M/_rows_rank3']
mlp model completed.
Running tabnet model...
Remaining args: ['--output_dir', 'logs/training/all/Experiment8/tabnet', '--device', 'cuda', '--model_type', 'tabnet', '--data_path', 'data/1M/sample_1M.csv', '--target_column', 'tag', '--similarity_threshold', '0.05', '--hidden_dim', '64', '--num_layers', '2', '--dropout', '0.1', '--batch_size', '32', '--epochs', '100', '--lr', '0.001', '--weight_decay', '0.0001', '--patience', '10', '--seed', '42', '--similarity_dir_paths', '/projects/bdau/mbanisharifdehkordi/gnn_data/GNN_4_IO_4/data/1M/_rows_rank0', '/projects/bdau/mbanisharifdehkordi/gnn_data/GNN_4_IO_4/data/1M/_rows_rank1', '/projects/bdau/mbanisharifdehkordi/gnn_data/GNN_4_IO_4/data/1M/_rows_rank2', '/projects/bdau/mbanisharifdehkordi/gnn_data/GNN_4_IO_4/data/1M/_rows_rank3']
tabnet model completed.
Running combined model...
Remaining args: ['--output_dir', 'logs/training/all/Experiment8/combined', '--device', 'cuda', '--model_type', 'combined', '--data_path', 'data/1M/sample_1M.csv', '--target_column', 'tag', '--similarity_threshold', '0.05', '--hidden_dim', '64', '--num_layers', '2', '--dropout', '0.1', '--batch_size', '32', '--epochs', '100', '--lr', '0.001', '--weight_decay', '0.0001', '--patience', '10', '--seed', '42', '--similarity_dir_paths', '/projects/bdau/mbanisharifdehkordi/gnn_data/GNN_4_IO_4/data/1M/_rows_rank0', '/projects/bdau/mbanisharifdehkordi/gnn_data/GNN_4_IO_4/data/1M/_rows_rank1', '/projects/bdau/mbanisharifdehkordi/gnn_data/GNN_4_IO_4/data/1M/_rows_rank2', '/projects/bdau/mbanisharifdehkordi/gnn_data/GNN_4_IO_4/data/1M/_rows_rank3']
combined model completed.
All jobs completed at Tue Jun  3 03:03:39 CDT 2025
