2025-05-26 17:49:54,250 - INFO - Parsed arguments:
{
    "data_path": "data/10K/sample_10K.csv",
    "output_dir": "logs/training/all/Experiment6/tabgnn",
    "target_column": "tag",
    "important_features": null,
    "similarity_threshold": 0.05,
    "model_type": "tabgnn",
    "gnn_type": "gcn",
    "hidden_dim": 64,
    "num_layers": 2,
    "dropout": 0.1,
    "batch_size": 32,
    "epochs": 100,
    "lr": 0.001,
    "weight_decay": 0.0001,
    "patience": 10,
    "seed": 42,
    "device": "cuda",
    "precomputed_similarity_path": "data/10K/similarity_output_10K.pt"
}
2025-05-26 17:49:54,270 - INFO - Using device: cuda
2025-05-26 17:49:54,270 - INFO - Initialized I/O data processor for data/10K/sample_10K.csv
2025-05-26 17:49:54,270 - INFO - Loading data from data/10K/sample_10K.csv
2025-05-26 17:49:54,319 - INFO - Loaded data with shape (10000, 46)
2025-05-26 17:49:54,319 - INFO - Preprocessing data
2025-05-26 17:49:54,319 - INFO - Initialized feature similarity graph constructor for nprocs
2025-05-26 17:49:54,319 - INFO - Initialized feature similarity graph constructor for POSIX_OPENS
2025-05-26 17:49:54,319 - INFO - Initialized feature similarity graph constructor for LUSTRE_STRIPE_SIZE
2025-05-26 17:49:54,319 - INFO - Initialized feature similarity graph constructor for LUSTRE_STRIPE_WIDTH
2025-05-26 17:49:54,319 - INFO - Initialized feature similarity graph constructor for POSIX_FILENOS
2025-05-26 17:49:54,319 - INFO - Initialized feature similarity graph constructor for POSIX_MEM_ALIGNMENT
2025-05-26 17:49:54,319 - INFO - Initialized feature similarity graph constructor for POSIX_FILE_ALIGNMENT
2025-05-26 17:49:54,319 - INFO - Initialized feature similarity graph constructor for POSIX_READS
2025-05-26 17:49:54,319 - INFO - Initialized feature similarity graph constructor for POSIX_WRITES
2025-05-26 17:49:54,319 - INFO - Initialized feature similarity graph constructor for POSIX_SEEKS
2025-05-26 17:49:54,319 - INFO - Initialized feature similarity graph constructor for POSIX_STATS
2025-05-26 17:49:54,319 - INFO - Initialized feature similarity graph constructor for POSIX_BYTES_READ
2025-05-26 17:49:54,319 - INFO - Initialized feature similarity graph constructor for POSIX_BYTES_WRITTEN
2025-05-26 17:49:54,319 - INFO - Initialized feature similarity graph constructor for POSIX_CONSEC_READS
2025-05-26 17:49:54,319 - INFO - Initialized feature similarity graph constructor for POSIX_CONSEC_WRITES
2025-05-26 17:49:54,319 - INFO - Initialized feature similarity graph constructor for POSIX_SEQ_READS
2025-05-26 17:49:54,319 - INFO - Initialized feature similarity graph constructor for POSIX_SEQ_WRITES
2025-05-26 17:49:54,319 - INFO - Initialized feature similarity graph constructor for POSIX_RW_SWITCHES
2025-05-26 17:49:54,319 - INFO - Initialized feature similarity graph constructor for POSIX_MEM_NOT_ALIGNED
2025-05-26 17:49:54,319 - INFO - Initialized feature similarity graph constructor for POSIX_FILE_NOT_ALIGNED
2025-05-26 17:49:54,319 - INFO - Initialized feature similarity graph constructor for POSIX_SIZE_READ_0_100
2025-05-26 17:49:54,319 - INFO - Initialized feature similarity graph constructor for POSIX_SIZE_READ_100_1K
2025-05-26 17:49:54,319 - INFO - Initialized feature similarity graph constructor for POSIX_SIZE_READ_1K_10K
2025-05-26 17:49:54,319 - INFO - Initialized feature similarity graph constructor for POSIX_SIZE_READ_100K_1M
2025-05-26 17:49:54,319 - INFO - Initialized feature similarity graph constructor for POSIX_SIZE_WRITE_0_100
2025-05-26 17:49:54,319 - INFO - Initialized feature similarity graph constructor for POSIX_SIZE_WRITE_100_1K
2025-05-26 17:49:54,319 - INFO - Initialized feature similarity graph constructor for POSIX_SIZE_WRITE_1K_10K
2025-05-26 17:49:54,319 - INFO - Initialized feature similarity graph constructor for POSIX_SIZE_WRITE_10K_100K
2025-05-26 17:49:54,319 - INFO - Initialized feature similarity graph constructor for POSIX_SIZE_WRITE_100K_1M
2025-05-26 17:49:54,319 - INFO - Initialized feature similarity graph constructor for POSIX_STRIDE1_STRIDE
2025-05-26 17:49:54,319 - INFO - Initialized feature similarity graph constructor for POSIX_STRIDE2_STRIDE
2025-05-26 17:49:54,319 - INFO - Initialized feature similarity graph constructor for POSIX_STRIDE3_STRIDE
2025-05-26 17:49:54,319 - INFO - Initialized feature similarity graph constructor for POSIX_STRIDE4_STRIDE
2025-05-26 17:49:54,319 - INFO - Initialized feature similarity graph constructor for POSIX_STRIDE1_COUNT
2025-05-26 17:49:54,319 - INFO - Initialized feature similarity graph constructor for POSIX_STRIDE2_COUNT
2025-05-26 17:49:54,319 - INFO - Initialized feature similarity graph constructor for POSIX_STRIDE3_COUNT
2025-05-26 17:49:54,319 - INFO - Initialized feature similarity graph constructor for POSIX_STRIDE4_COUNT
2025-05-26 17:49:54,319 - INFO - Initialized feature similarity graph constructor for POSIX_ACCESS1_ACCESS
2025-05-26 17:49:54,319 - INFO - Initialized feature similarity graph constructor for POSIX_ACCESS2_ACCESS
2025-05-26 17:49:54,319 - INFO - Initialized feature similarity graph constructor for POSIX_ACCESS3_ACCESS
2025-05-26 17:49:54,319 - INFO - Initialized feature similarity graph constructor for POSIX_ACCESS4_ACCESS
2025-05-26 17:49:54,319 - INFO - Initialized feature similarity graph constructor for POSIX_ACCESS1_COUNT
2025-05-26 17:49:54,319 - INFO - Initialized feature similarity graph constructor for POSIX_ACCESS2_COUNT
2025-05-26 17:49:54,319 - INFO - Initialized feature similarity graph constructor for POSIX_ACCESS3_COUNT
2025-05-26 17:49:54,319 - INFO - Initialized feature similarity graph constructor for POSIX_ACCESS4_COUNT
2025-05-26 17:49:54,319 - INFO - Initialized multiplex graph constructor for 45 features
2025-05-26 17:49:54,320 - INFO - Creating combined PyG data
2025-05-26 17:49:54,320 - INFO - Loading precomputed similarity from data/10K/similarity_output_10K.pt
2025-05-26 17:49:54,859 - INFO - Splitting data into train, validation, and test sets
2025-05-26 17:49:54,915 - INFO - Train: 7000, Val: 1500, Test: 1500
2025-05-26 17:49:54,918 - INFO - Saving processed data to logs/training/all/Experiment6/tabgnn/processed_data
2025-05-26 17:49:55,117 - INFO - Constructing multiplex graphs
2025-05-26 17:49:55,118 - INFO - Loading precomputed similarity from data/10K/similarity_output_10K.pt
2025-05-26 17:49:55,557 - INFO - Creating combined PyG data
2025-05-26 17:49:55,558 - INFO - Loading precomputed similarity from data/10K/similarity_output_10K.pt
2025-05-26 17:49:56,052 - INFO - Saved processed data to logs/training/all/Experiment6/tabgnn/processed_data
2025-05-26 17:49:56,372 - INFO - Initialized GCN model with 2 layers
2025-05-26 17:49:56,372 - INFO - Initialized TabGNN regressor with 1 graph types
2025-05-26 17:49:57,223 - INFO - Epoch 1/100: Train Loss: 0.0070, Val Loss: 0.0047, Test Loss: 0.0048
2025-05-26 17:49:57,244 - INFO - Epoch 2/100: Train Loss: 0.0050, Val Loss: 0.0032, Test Loss: 0.0033
2025-05-26 17:49:57,248 - INFO - Epoch 3/100: Train Loss: 0.0035, Val Loss: 0.0025, Test Loss: 0.0026
2025-05-26 17:49:57,253 - INFO - Epoch 4/100: Train Loss: 0.0029, Val Loss: 0.0022, Test Loss: 0.0022
2025-05-26 17:49:57,257 - INFO - Epoch 5/100: Train Loss: 0.0025, Val Loss: 0.0019, Test Loss: 0.0020
2025-05-26 17:49:57,261 - INFO - Epoch 6/100: Train Loss: 0.0023, Val Loss: 0.0017, Test Loss: 0.0017
2025-05-26 17:49:57,265 - INFO - Epoch 7/100: Train Loss: 0.0022, Val Loss: 0.0015, Test Loss: 0.0015
2025-05-26 17:49:57,269 - INFO - Epoch 8/100: Train Loss: 0.0019, Val Loss: 0.0013, Test Loss: 0.0013
2025-05-26 17:49:57,273 - INFO - Epoch 9/100: Train Loss: 0.0016, Val Loss: 0.0012, Test Loss: 0.0012
2025-05-26 17:49:57,277 - INFO - Epoch 10/100: Train Loss: 0.0015, Val Loss: 0.0011, Test Loss: 0.0011
2025-05-26 17:49:57,281 - INFO - Epoch 11/100: Train Loss: 0.0014, Val Loss: 0.0009, Test Loss: 0.0009
2025-05-26 17:49:57,285 - INFO - Epoch 12/100: Train Loss: 0.0013, Val Loss: 0.0008, Test Loss: 0.0008
2025-05-26 17:49:57,289 - INFO - Epoch 13/100: Train Loss: 0.0011, Val Loss: 0.0008, Test Loss: 0.0008
2025-05-26 17:49:57,293 - INFO - Epoch 14/100: Train Loss: 0.0012, Val Loss: 0.0009, Test Loss: 0.0009
2025-05-26 17:49:57,297 - INFO - Epoch 15/100: Train Loss: 0.0012, Val Loss: 0.0009, Test Loss: 0.0009
2025-05-26 17:49:57,301 - INFO - Epoch 16/100: Train Loss: 0.0013, Val Loss: 0.0009, Test Loss: 0.0009
2025-05-26 17:49:57,305 - INFO - Epoch 17/100: Train Loss: 0.0013, Val Loss: 0.0009, Test Loss: 0.0009
2025-05-26 17:49:57,309 - INFO - Epoch 18/100: Train Loss: 0.0012, Val Loss: 0.0009, Test Loss: 0.0009
2025-05-26 17:49:57,313 - INFO - Epoch 19/100: Train Loss: 0.0012, Val Loss: 0.0009, Test Loss: 0.0009
2025-05-26 17:49:57,317 - INFO - Epoch 20/100: Train Loss: 0.0011, Val Loss: 0.0008, Test Loss: 0.0009
2025-05-26 17:49:57,321 - INFO - Epoch 21/100: Train Loss: 0.0011, Val Loss: 0.0008, Test Loss: 0.0008
2025-05-26 17:49:57,325 - INFO - Epoch 22/100: Train Loss: 0.0011, Val Loss: 0.0008, Test Loss: 0.0008
2025-05-26 17:49:57,329 - INFO - Epoch 23/100: Train Loss: 0.0011, Val Loss: 0.0007, Test Loss: 0.0008
2025-05-26 17:49:57,333 - INFO - Epoch 24/100: Train Loss: 0.0010, Val Loss: 0.0007, Test Loss: 0.0007
2025-05-26 17:49:57,337 - INFO - Epoch 25/100: Train Loss: 0.0010, Val Loss: 0.0007, Test Loss: 0.0007
2025-05-26 17:49:57,341 - INFO - Epoch 26/100: Train Loss: 0.0010, Val Loss: 0.0007, Test Loss: 0.0007
2025-05-26 17:49:57,345 - INFO - Epoch 27/100: Train Loss: 0.0010, Val Loss: 0.0007, Test Loss: 0.0007
2025-05-26 17:49:57,349 - INFO - Epoch 28/100: Train Loss: 0.0010, Val Loss: 0.0007, Test Loss: 0.0007
2025-05-26 17:49:57,353 - INFO - Epoch 29/100: Train Loss: 0.0009, Val Loss: 0.0007, Test Loss: 0.0007
2025-05-26 17:49:57,357 - INFO - Epoch 30/100: Train Loss: 0.0009, Val Loss: 0.0007, Test Loss: 0.0007
2025-05-26 17:49:57,361 - INFO - Epoch 31/100: Train Loss: 0.0009, Val Loss: 0.0007, Test Loss: 0.0007
2025-05-26 17:49:57,365 - INFO - Epoch 32/100: Train Loss: 0.0009, Val Loss: 0.0007, Test Loss: 0.0007
2025-05-26 17:49:57,369 - INFO - Epoch 33/100: Train Loss: 0.0009, Val Loss: 0.0007, Test Loss: 0.0007
2025-05-26 17:49:57,373 - INFO - Epoch 34/100: Train Loss: 0.0009, Val Loss: 0.0007, Test Loss: 0.0007
2025-05-26 17:49:57,377 - INFO - Epoch 35/100: Train Loss: 0.0009, Val Loss: 0.0007, Test Loss: 0.0007
2025-05-26 17:49:57,381 - INFO - Epoch 36/100: Train Loss: 0.0009, Val Loss: 0.0007, Test Loss: 0.0007
2025-05-26 17:49:57,385 - INFO - Epoch 37/100: Train Loss: 0.0009, Val Loss: 0.0007, Test Loss: 0.0007
2025-05-26 17:49:57,389 - INFO - Epoch 38/100: Train Loss: 0.0009, Val Loss: 0.0007, Test Loss: 0.0007
2025-05-26 17:49:57,393 - INFO - Epoch 39/100: Train Loss: 0.0009, Val Loss: 0.0007, Test Loss: 0.0007
2025-05-26 17:49:57,397 - INFO - Epoch 40/100: Train Loss: 0.0009, Val Loss: 0.0007, Test Loss: 0.0007
2025-05-26 17:49:57,401 - INFO - Epoch 41/100: Train Loss: 0.0009, Val Loss: 0.0007, Test Loss: 0.0007
2025-05-26 17:49:57,405 - INFO - Epoch 42/100: Train Loss: 0.0009, Val Loss: 0.0007, Test Loss: 0.0007
2025-05-26 17:49:57,409 - INFO - Epoch 43/100: Train Loss: 0.0009, Val Loss: 0.0007, Test Loss: 0.0007
2025-05-26 17:49:57,413 - INFO - Epoch 44/100: Train Loss: 0.0009, Val Loss: 0.0006, Test Loss: 0.0007
2025-05-26 17:49:57,417 - INFO - Epoch 45/100: Train Loss: 0.0009, Val Loss: 0.0006, Test Loss: 0.0007
2025-05-26 17:49:57,421 - INFO - Epoch 46/100: Train Loss: 0.0009, Val Loss: 0.0006, Test Loss: 0.0007
2025-05-26 17:49:57,425 - INFO - Epoch 47/100: Train Loss: 0.0009, Val Loss: 0.0006, Test Loss: 0.0007
2025-05-26 17:49:57,429 - INFO - Epoch 48/100: Train Loss: 0.0008, Val Loss: 0.0006, Test Loss: 0.0007
2025-05-26 17:49:57,433 - INFO - Epoch 49/100: Train Loss: 0.0008, Val Loss: 0.0006, Test Loss: 0.0007
2025-05-26 17:49:57,437 - INFO - Epoch 50/100: Train Loss: 0.0008, Val Loss: 0.0006, Test Loss: 0.0007
2025-05-26 17:49:57,441 - INFO - Epoch 51/100: Train Loss: 0.0009, Val Loss: 0.0006, Test Loss: 0.0007
2025-05-26 17:49:57,445 - INFO - Epoch 52/100: Train Loss: 0.0008, Val Loss: 0.0006, Test Loss: 0.0006
2025-05-26 17:49:57,449 - INFO - Epoch 53/100: Train Loss: 0.0008, Val Loss: 0.0006, Test Loss: 0.0006
2025-05-26 17:49:57,453 - INFO - Epoch 54/100: Train Loss: 0.0008, Val Loss: 0.0006, Test Loss: 0.0006
2025-05-26 17:49:57,457 - INFO - Epoch 55/100: Train Loss: 0.0008, Val Loss: 0.0006, Test Loss: 0.0006
2025-05-26 17:49:57,461 - INFO - Epoch 56/100: Train Loss: 0.0008, Val Loss: 0.0006, Test Loss: 0.0006
2025-05-26 17:49:57,465 - INFO - Epoch 57/100: Train Loss: 0.0008, Val Loss: 0.0006, Test Loss: 0.0006
2025-05-26 17:49:57,469 - INFO - Epoch 58/100: Train Loss: 0.0008, Val Loss: 0.0006, Test Loss: 0.0006
2025-05-26 17:49:57,473 - INFO - Epoch 59/100: Train Loss: 0.0008, Val Loss: 0.0006, Test Loss: 0.0006
2025-05-26 17:49:57,477 - INFO - Epoch 60/100: Train Loss: 0.0008, Val Loss: 0.0006, Test Loss: 0.0006
2025-05-26 17:49:57,481 - INFO - Epoch 61/100: Train Loss: 0.0008, Val Loss: 0.0006, Test Loss: 0.0006
2025-05-26 17:49:57,485 - INFO - Epoch 62/100: Train Loss: 0.0008, Val Loss: 0.0006, Test Loss: 0.0006
2025-05-26 17:49:57,489 - INFO - Epoch 63/100: Train Loss: 0.0008, Val Loss: 0.0006, Test Loss: 0.0006
2025-05-26 17:49:57,493 - INFO - Epoch 64/100: Train Loss: 0.0008, Val Loss: 0.0006, Test Loss: 0.0006
2025-05-26 17:49:57,497 - INFO - Epoch 65/100: Train Loss: 0.0008, Val Loss: 0.0006, Test Loss: 0.0006
2025-05-26 17:49:57,501 - INFO - Epoch 66/100: Train Loss: 0.0008, Val Loss: 0.0006, Test Loss: 0.0006
2025-05-26 17:49:57,505 - INFO - Epoch 67/100: Train Loss: 0.0008, Val Loss: 0.0006, Test Loss: 0.0006
2025-05-26 17:49:57,509 - INFO - Epoch 68/100: Train Loss: 0.0008, Val Loss: 0.0006, Test Loss: 0.0006
2025-05-26 17:49:57,513 - INFO - Epoch 69/100: Train Loss: 0.0008, Val Loss: 0.0006, Test Loss: 0.0006
2025-05-26 17:49:57,517 - INFO - Epoch 70/100: Train Loss: 0.0008, Val Loss: 0.0006, Test Loss: 0.0006
2025-05-26 17:49:57,521 - INFO - Epoch 71/100: Train Loss: 0.0008, Val Loss: 0.0006, Test Loss: 0.0006
2025-05-26 17:49:57,525 - INFO - Epoch 72/100: Train Loss: 0.0008, Val Loss: 0.0006, Test Loss: 0.0006
2025-05-26 17:49:57,529 - INFO - Epoch 73/100: Train Loss: 0.0008, Val Loss: 0.0006, Test Loss: 0.0006
2025-05-26 17:49:57,533 - INFO - Epoch 74/100: Train Loss: 0.0008, Val Loss: 0.0006, Test Loss: 0.0006
2025-05-26 17:49:57,537 - INFO - Epoch 75/100: Train Loss: 0.0008, Val Loss: 0.0006, Test Loss: 0.0006
2025-05-26 17:49:57,541 - INFO - Epoch 76/100: Train Loss: 0.0008, Val Loss: 0.0006, Test Loss: 0.0006
2025-05-26 17:49:57,545 - INFO - Epoch 77/100: Train Loss: 0.0008, Val Loss: 0.0006, Test Loss: 0.0006
2025-05-26 17:49:57,549 - INFO - Epoch 78/100: Train Loss: 0.0008, Val Loss: 0.0006, Test Loss: 0.0006
2025-05-26 17:49:57,554 - INFO - Epoch 79/100: Train Loss: 0.0008, Val Loss: 0.0006, Test Loss: 0.0006
2025-05-26 17:49:57,557 - INFO - Epoch 80/100: Train Loss: 0.0008, Val Loss: 0.0005, Test Loss: 0.0006
2025-05-26 17:49:57,561 - INFO - Epoch 81/100: Train Loss: 0.0008, Val Loss: 0.0005, Test Loss: 0.0006
2025-05-26 17:49:57,566 - INFO - Epoch 82/100: Train Loss: 0.0008, Val Loss: 0.0005, Test Loss: 0.0006
2025-05-26 17:49:57,570 - INFO - Epoch 83/100: Train Loss: 0.0008, Val Loss: 0.0005, Test Loss: 0.0006
2025-05-26 17:49:57,574 - INFO - Epoch 84/100: Train Loss: 0.0008, Val Loss: 0.0005, Test Loss: 0.0006
2025-05-26 17:49:57,578 - INFO - Epoch 85/100: Train Loss: 0.0008, Val Loss: 0.0005, Test Loss: 0.0006
2025-05-26 17:49:57,582 - INFO - Epoch 86/100: Train Loss: 0.0008, Val Loss: 0.0005, Test Loss: 0.0006
2025-05-26 17:49:57,586 - INFO - Epoch 87/100: Train Loss: 0.0007, Val Loss: 0.0005, Test Loss: 0.0006
2025-05-26 17:49:57,590 - INFO - Epoch 88/100: Train Loss: 0.0008, Val Loss: 0.0005, Test Loss: 0.0006
2025-05-26 17:49:57,594 - INFO - Epoch 89/100: Train Loss: 0.0007, Val Loss: 0.0005, Test Loss: 0.0006
2025-05-26 17:49:57,598 - INFO - Epoch 90/100: Train Loss: 0.0007, Val Loss: 0.0005, Test Loss: 0.0006
2025-05-26 17:49:57,602 - INFO - Epoch 91/100: Train Loss: 0.0007, Val Loss: 0.0005, Test Loss: 0.0006
2025-05-26 17:49:57,606 - INFO - Epoch 92/100: Train Loss: 0.0007, Val Loss: 0.0005, Test Loss: 0.0006
2025-05-26 17:49:57,610 - INFO - Epoch 93/100: Train Loss: 0.0007, Val Loss: 0.0005, Test Loss: 0.0006
2025-05-26 17:49:57,614 - INFO - Epoch 94/100: Train Loss: 0.0007, Val Loss: 0.0005, Test Loss: 0.0006
2025-05-26 17:49:57,618 - INFO - Epoch 95/100: Train Loss: 0.0007, Val Loss: 0.0005, Test Loss: 0.0006
2025-05-26 17:49:57,622 - INFO - Epoch 96/100: Train Loss: 0.0007, Val Loss: 0.0005, Test Loss: 0.0006
2025-05-26 17:49:57,626 - INFO - Epoch 97/100: Train Loss: 0.0007, Val Loss: 0.0005, Test Loss: 0.0006
2025-05-26 17:49:57,630 - INFO - Epoch 98/100: Train Loss: 0.0007, Val Loss: 0.0005, Test Loss: 0.0006
2025-05-26 17:49:57,634 - INFO - Epoch 99/100: Train Loss: 0.0007, Val Loss: 0.0005, Test Loss: 0.0006
2025-05-26 17:49:57,638 - INFO - Epoch 100/100: Train Loss: 0.0007, Val Loss: 0.0005, Test Loss: 0.0005
2025-05-26 17:49:57,643 - INFO - Model checkpoint saved to logs/training/all/Experiment6/tabgnn/tabgnn_model.pt
2025-05-26 17:49:57,792 - INFO - Final metrics: {'mse': 0.0005497821839526296, 'rmse': 0.023447434485517376, 'mae': 0.01466838363558054, 'r2': 0.77407306432724}
2025-05-26 17:49:57,792 - INFO - Model and results saved to logs/training/all/Experiment6/tabgnn
2025-05-26 17:50:03,525 - INFO - Parsed arguments:
{
    "data_path": "data/10K/sample_10K.csv",
    "output_dir": "logs/training/all/Experiment6/lightgbm",
    "target_column": "tag",
    "important_features": null,
    "similarity_threshold": 0.05,
    "model_type": "lightgbm",
    "gnn_type": "gcn",
    "hidden_dim": 64,
    "num_layers": 2,
    "dropout": 0.1,
    "batch_size": 32,
    "epochs": 100,
    "lr": 0.001,
    "weight_decay": 0.0001,
    "patience": 10,
    "seed": 42,
    "device": "cuda",
    "precomputed_similarity_path": "data/10K/similarity_output_10K.pt"
}
2025-05-26 17:50:03,532 - INFO - Using device: cuda
2025-05-26 17:50:03,532 - INFO - Initialized I/O data processor for data/10K/sample_10K.csv
2025-05-26 17:50:03,532 - INFO - Loading data from data/10K/sample_10K.csv
2025-05-26 17:50:03,568 - INFO - Loaded data with shape (10000, 46)
2025-05-26 17:50:03,568 - INFO - Preprocessing data
2025-05-26 17:50:03,568 - INFO - Initialized feature similarity graph constructor for nprocs
2025-05-26 17:50:03,568 - INFO - Initialized feature similarity graph constructor for POSIX_OPENS
2025-05-26 17:50:03,568 - INFO - Initialized feature similarity graph constructor for LUSTRE_STRIPE_SIZE
2025-05-26 17:50:03,568 - INFO - Initialized feature similarity graph constructor for LUSTRE_STRIPE_WIDTH
2025-05-26 17:50:03,568 - INFO - Initialized feature similarity graph constructor for POSIX_FILENOS
2025-05-26 17:50:03,568 - INFO - Initialized feature similarity graph constructor for POSIX_MEM_ALIGNMENT
2025-05-26 17:50:03,568 - INFO - Initialized feature similarity graph constructor for POSIX_FILE_ALIGNMENT
2025-05-26 17:50:03,568 - INFO - Initialized feature similarity graph constructor for POSIX_READS
2025-05-26 17:50:03,568 - INFO - Initialized feature similarity graph constructor for POSIX_WRITES
2025-05-26 17:50:03,568 - INFO - Initialized feature similarity graph constructor for POSIX_SEEKS
2025-05-26 17:50:03,568 - INFO - Initialized feature similarity graph constructor for POSIX_STATS
2025-05-26 17:50:03,568 - INFO - Initialized feature similarity graph constructor for POSIX_BYTES_READ
2025-05-26 17:50:03,568 - INFO - Initialized feature similarity graph constructor for POSIX_BYTES_WRITTEN
2025-05-26 17:50:03,568 - INFO - Initialized feature similarity graph constructor for POSIX_CONSEC_READS
2025-05-26 17:50:03,568 - INFO - Initialized feature similarity graph constructor for POSIX_CONSEC_WRITES
2025-05-26 17:50:03,568 - INFO - Initialized feature similarity graph constructor for POSIX_SEQ_READS
2025-05-26 17:50:03,568 - INFO - Initialized feature similarity graph constructor for POSIX_SEQ_WRITES
2025-05-26 17:50:03,568 - INFO - Initialized feature similarity graph constructor for POSIX_RW_SWITCHES
2025-05-26 17:50:03,568 - INFO - Initialized feature similarity graph constructor for POSIX_MEM_NOT_ALIGNED
2025-05-26 17:50:03,568 - INFO - Initialized feature similarity graph constructor for POSIX_FILE_NOT_ALIGNED
2025-05-26 17:50:03,568 - INFO - Initialized feature similarity graph constructor for POSIX_SIZE_READ_0_100
2025-05-26 17:50:03,568 - INFO - Initialized feature similarity graph constructor for POSIX_SIZE_READ_100_1K
2025-05-26 17:50:03,568 - INFO - Initialized feature similarity graph constructor for POSIX_SIZE_READ_1K_10K
2025-05-26 17:50:03,569 - INFO - Initialized feature similarity graph constructor for POSIX_SIZE_READ_100K_1M
2025-05-26 17:50:03,569 - INFO - Initialized feature similarity graph constructor for POSIX_SIZE_WRITE_0_100
2025-05-26 17:50:03,569 - INFO - Initialized feature similarity graph constructor for POSIX_SIZE_WRITE_100_1K
2025-05-26 17:50:03,569 - INFO - Initialized feature similarity graph constructor for POSIX_SIZE_WRITE_1K_10K
2025-05-26 17:50:03,569 - INFO - Initialized feature similarity graph constructor for POSIX_SIZE_WRITE_10K_100K
2025-05-26 17:50:03,569 - INFO - Initialized feature similarity graph constructor for POSIX_SIZE_WRITE_100K_1M
2025-05-26 17:50:03,569 - INFO - Initialized feature similarity graph constructor for POSIX_STRIDE1_STRIDE
2025-05-26 17:50:03,569 - INFO - Initialized feature similarity graph constructor for POSIX_STRIDE2_STRIDE
2025-05-26 17:50:03,569 - INFO - Initialized feature similarity graph constructor for POSIX_STRIDE3_STRIDE
2025-05-26 17:50:03,569 - INFO - Initialized feature similarity graph constructor for POSIX_STRIDE4_STRIDE
2025-05-26 17:50:03,569 - INFO - Initialized feature similarity graph constructor for POSIX_STRIDE1_COUNT
2025-05-26 17:50:03,569 - INFO - Initialized feature similarity graph constructor for POSIX_STRIDE2_COUNT
2025-05-26 17:50:03,569 - INFO - Initialized feature similarity graph constructor for POSIX_STRIDE3_COUNT
2025-05-26 17:50:03,569 - INFO - Initialized feature similarity graph constructor for POSIX_STRIDE4_COUNT
2025-05-26 17:50:03,569 - INFO - Initialized feature similarity graph constructor for POSIX_ACCESS1_ACCESS
2025-05-26 17:50:03,569 - INFO - Initialized feature similarity graph constructor for POSIX_ACCESS2_ACCESS
2025-05-26 17:50:03,569 - INFO - Initialized feature similarity graph constructor for POSIX_ACCESS3_ACCESS
2025-05-26 17:50:03,569 - INFO - Initialized feature similarity graph constructor for POSIX_ACCESS4_ACCESS
2025-05-26 17:50:03,569 - INFO - Initialized feature similarity graph constructor for POSIX_ACCESS1_COUNT
2025-05-26 17:50:03,569 - INFO - Initialized feature similarity graph constructor for POSIX_ACCESS2_COUNT
2025-05-26 17:50:03,569 - INFO - Initialized feature similarity graph constructor for POSIX_ACCESS3_COUNT
2025-05-26 17:50:03,569 - INFO - Initialized feature similarity graph constructor for POSIX_ACCESS4_COUNT
2025-05-26 17:50:03,569 - INFO - Initialized multiplex graph constructor for 45 features
2025-05-26 17:50:03,569 - INFO - Creating combined PyG data
2025-05-26 17:50:03,569 - INFO - Loading precomputed similarity from data/10K/similarity_output_10K.pt
2025-05-26 17:50:04,098 - INFO - Splitting data into train, validation, and test sets
2025-05-26 17:50:04,105 - INFO - Train: 7000, Val: 1500, Test: 1500
2025-05-26 17:50:04,107 - INFO - Saving processed data to logs/training/all/Experiment6/lightgbm/processed_data
2025-05-26 17:50:04,317 - INFO - Constructing multiplex graphs
2025-05-26 17:50:04,317 - INFO - Loading precomputed similarity from data/10K/similarity_output_10K.pt
2025-05-26 17:50:04,763 - INFO - Creating combined PyG data
2025-05-26 17:50:04,763 - INFO - Loading precomputed similarity from data/10K/similarity_output_10K.pt
2025-05-26 17:50:05,256 - INFO - Saved processed data to logs/training/all/Experiment6/lightgbm/processed_data
2025-05-26 17:50:05,256 - INFO - Initialized lightgbm model
/u/mbanisharifdehkordi/.conda/envs/gnn4_env/lib/python3.9/site-packages/sklearn/utils/deprecation.py:151: FutureWarning: 'force_all_finite' was renamed to 'ensure_all_finite' in 1.6 and will be removed in 1.8.
  warnings.warn(
2025-05-26 17:50:06,296 - INFO - LightGBM model fitted with 45 features
/u/mbanisharifdehkordi/.conda/envs/gnn4_env/lib/python3.9/site-packages/sklearn/utils/deprecation.py:151: FutureWarning: 'force_all_finite' was renamed to 'ensure_all_finite' in 1.6 and will be removed in 1.8.
  warnings.warn(
2025-05-26 17:50:06,304 - INFO - Evaluation metrics: {'mse': 0.0001486532761867115, 'rmse': 0.012192344983091297, 'mae': 0.006189823213145748, 'r2': 0.9389125745308214}
2025-05-26 17:50:06,307 - INFO - Final metrics: {'mse': 0.0001486532761867115, 'rmse': 0.012192344983091297, 'mae': 0.006189823213145748, 'r2': 0.9389125745308214}
2025-05-26 17:50:06,307 - INFO - Model and results saved to logs/training/all/Experiment6/lightgbm
2025-05-26 17:50:06,350 - INFO - Model saved to logs/training/all/Experiment6/lightgbm/lightgbm_model.joblib
2025-05-26 17:50:11,896 - INFO - Parsed arguments:
{
    "data_path": "data/10K/sample_10K.csv",
    "output_dir": "logs/training/all/Experiment6/catboost",
    "target_column": "tag",
    "important_features": null,
    "similarity_threshold": 0.05,
    "model_type": "catboost",
    "gnn_type": "gcn",
    "hidden_dim": 64,
    "num_layers": 2,
    "dropout": 0.1,
    "batch_size": 32,
    "epochs": 100,
    "lr": 0.001,
    "weight_decay": 0.0001,
    "patience": 10,
    "seed": 42,
    "device": "cuda",
    "precomputed_similarity_path": "data/10K/similarity_output_10K.pt"
}
2025-05-26 17:50:11,903 - INFO - Using device: cuda
2025-05-26 17:50:11,903 - INFO - Initialized I/O data processor for data/10K/sample_10K.csv
2025-05-26 17:50:11,903 - INFO - Loading data from data/10K/sample_10K.csv
2025-05-26 17:50:11,938 - INFO - Loaded data with shape (10000, 46)
2025-05-26 17:50:11,938 - INFO - Preprocessing data
2025-05-26 17:50:11,938 - INFO - Initialized feature similarity graph constructor for nprocs
2025-05-26 17:50:11,938 - INFO - Initialized feature similarity graph constructor for POSIX_OPENS
2025-05-26 17:50:11,938 - INFO - Initialized feature similarity graph constructor for LUSTRE_STRIPE_SIZE
2025-05-26 17:50:11,938 - INFO - Initialized feature similarity graph constructor for LUSTRE_STRIPE_WIDTH
2025-05-26 17:50:11,938 - INFO - Initialized feature similarity graph constructor for POSIX_FILENOS
2025-05-26 17:50:11,938 - INFO - Initialized feature similarity graph constructor for POSIX_MEM_ALIGNMENT
2025-05-26 17:50:11,938 - INFO - Initialized feature similarity graph constructor for POSIX_FILE_ALIGNMENT
2025-05-26 17:50:11,938 - INFO - Initialized feature similarity graph constructor for POSIX_READS
2025-05-26 17:50:11,938 - INFO - Initialized feature similarity graph constructor for POSIX_WRITES
2025-05-26 17:50:11,938 - INFO - Initialized feature similarity graph constructor for POSIX_SEEKS
2025-05-26 17:50:11,938 - INFO - Initialized feature similarity graph constructor for POSIX_STATS
2025-05-26 17:50:11,938 - INFO - Initialized feature similarity graph constructor for POSIX_BYTES_READ
2025-05-26 17:50:11,938 - INFO - Initialized feature similarity graph constructor for POSIX_BYTES_WRITTEN
2025-05-26 17:50:11,938 - INFO - Initialized feature similarity graph constructor for POSIX_CONSEC_READS
2025-05-26 17:50:11,938 - INFO - Initialized feature similarity graph constructor for POSIX_CONSEC_WRITES
2025-05-26 17:50:11,938 - INFO - Initialized feature similarity graph constructor for POSIX_SEQ_READS
2025-05-26 17:50:11,938 - INFO - Initialized feature similarity graph constructor for POSIX_SEQ_WRITES
2025-05-26 17:50:11,938 - INFO - Initialized feature similarity graph constructor for POSIX_RW_SWITCHES
2025-05-26 17:50:11,938 - INFO - Initialized feature similarity graph constructor for POSIX_MEM_NOT_ALIGNED
2025-05-26 17:50:11,938 - INFO - Initialized feature similarity graph constructor for POSIX_FILE_NOT_ALIGNED
2025-05-26 17:50:11,938 - INFO - Initialized feature similarity graph constructor for POSIX_SIZE_READ_0_100
2025-05-26 17:50:11,938 - INFO - Initialized feature similarity graph constructor for POSIX_SIZE_READ_100_1K
2025-05-26 17:50:11,938 - INFO - Initialized feature similarity graph constructor for POSIX_SIZE_READ_1K_10K
2025-05-26 17:50:11,938 - INFO - Initialized feature similarity graph constructor for POSIX_SIZE_READ_100K_1M
2025-05-26 17:50:11,938 - INFO - Initialized feature similarity graph constructor for POSIX_SIZE_WRITE_0_100
2025-05-26 17:50:11,938 - INFO - Initialized feature similarity graph constructor for POSIX_SIZE_WRITE_100_1K
2025-05-26 17:50:11,938 - INFO - Initialized feature similarity graph constructor for POSIX_SIZE_WRITE_1K_10K
2025-05-26 17:50:11,938 - INFO - Initialized feature similarity graph constructor for POSIX_SIZE_WRITE_10K_100K
2025-05-26 17:50:11,938 - INFO - Initialized feature similarity graph constructor for POSIX_SIZE_WRITE_100K_1M
2025-05-26 17:50:11,938 - INFO - Initialized feature similarity graph constructor for POSIX_STRIDE1_STRIDE
2025-05-26 17:50:11,938 - INFO - Initialized feature similarity graph constructor for POSIX_STRIDE2_STRIDE
2025-05-26 17:50:11,938 - INFO - Initialized feature similarity graph constructor for POSIX_STRIDE3_STRIDE
2025-05-26 17:50:11,938 - INFO - Initialized feature similarity graph constructor for POSIX_STRIDE4_STRIDE
2025-05-26 17:50:11,938 - INFO - Initialized feature similarity graph constructor for POSIX_STRIDE1_COUNT
2025-05-26 17:50:11,938 - INFO - Initialized feature similarity graph constructor for POSIX_STRIDE2_COUNT
2025-05-26 17:50:11,938 - INFO - Initialized feature similarity graph constructor for POSIX_STRIDE3_COUNT
2025-05-26 17:50:11,938 - INFO - Initialized feature similarity graph constructor for POSIX_STRIDE4_COUNT
2025-05-26 17:50:11,938 - INFO - Initialized feature similarity graph constructor for POSIX_ACCESS1_ACCESS
2025-05-26 17:50:11,938 - INFO - Initialized feature similarity graph constructor for POSIX_ACCESS2_ACCESS
2025-05-26 17:50:11,938 - INFO - Initialized feature similarity graph constructor for POSIX_ACCESS3_ACCESS
2025-05-26 17:50:11,938 - INFO - Initialized feature similarity graph constructor for POSIX_ACCESS4_ACCESS
2025-05-26 17:50:11,938 - INFO - Initialized feature similarity graph constructor for POSIX_ACCESS1_COUNT
2025-05-26 17:50:11,938 - INFO - Initialized feature similarity graph constructor for POSIX_ACCESS2_COUNT
2025-05-26 17:50:11,938 - INFO - Initialized feature similarity graph constructor for POSIX_ACCESS3_COUNT
2025-05-26 17:50:11,938 - INFO - Initialized feature similarity graph constructor for POSIX_ACCESS4_COUNT
2025-05-26 17:50:11,938 - INFO - Initialized multiplex graph constructor for 45 features
2025-05-26 17:50:11,938 - INFO - Creating combined PyG data
2025-05-26 17:50:11,939 - INFO - Loading precomputed similarity from data/10K/similarity_output_10K.pt
2025-05-26 17:50:12,389 - INFO - Splitting data into train, validation, and test sets
2025-05-26 17:50:12,397 - INFO - Train: 7000, Val: 1500, Test: 1500
2025-05-26 17:50:12,400 - INFO - Saving processed data to logs/training/all/Experiment6/catboost/processed_data
2025-05-26 17:50:12,598 - INFO - Constructing multiplex graphs
2025-05-26 17:50:12,598 - INFO - Loading precomputed similarity from data/10K/similarity_output_10K.pt
2025-05-26 17:50:13,026 - INFO - Creating combined PyG data
2025-05-26 17:50:13,026 - INFO - Loading precomputed similarity from data/10K/similarity_output_10K.pt
2025-05-26 17:50:13,526 - INFO - Saved processed data to logs/training/all/Experiment6/catboost/processed_data
2025-05-26 17:50:13,527 - INFO - Initialized catboost model
2025-05-26 17:50:15,136 - INFO - CatBoost model fitted with 45 features
2025-05-26 17:50:15,140 - INFO - Evaluation metrics: {'mse': 0.0001491045100843584, 'rmse': 0.012210835765186525, 'mae': 0.006499867671312642, 'r2': 0.9387271449338508}
2025-05-26 17:50:15,143 - INFO - Final metrics: {'mse': 0.0001491045100843584, 'rmse': 0.012210835765186525, 'mae': 0.006499867671312642, 'r2': 0.9387271449338508}
2025-05-26 17:50:15,143 - INFO - Model and results saved to logs/training/all/Experiment6/catboost
2025-05-26 17:50:15,152 - INFO - Model saved to logs/training/all/Experiment6/catboost/catboost_model.joblib
2025-05-26 17:50:19,835 - INFO - Parsed arguments:
{
    "data_path": "data/10K/sample_10K.csv",
    "output_dir": "logs/training/all/Experiment6/xgboost",
    "target_column": "tag",
    "important_features": null,
    "similarity_threshold": 0.05,
    "model_type": "xgboost",
    "gnn_type": "gcn",
    "hidden_dim": 64,
    "num_layers": 2,
    "dropout": 0.1,
    "batch_size": 32,
    "epochs": 100,
    "lr": 0.001,
    "weight_decay": 0.0001,
    "patience": 10,
    "seed": 42,
    "device": "cuda",
    "precomputed_similarity_path": "data/10K/similarity_output_10K.pt"
}
2025-05-26 17:50:19,841 - INFO - Using device: cuda
2025-05-26 17:50:19,841 - INFO - Initialized I/O data processor for data/10K/sample_10K.csv
2025-05-26 17:50:19,841 - INFO - Loading data from data/10K/sample_10K.csv
2025-05-26 17:50:19,876 - INFO - Loaded data with shape (10000, 46)
2025-05-26 17:50:19,876 - INFO - Preprocessing data
2025-05-26 17:50:19,876 - INFO - Initialized feature similarity graph constructor for nprocs
2025-05-26 17:50:19,876 - INFO - Initialized feature similarity graph constructor for POSIX_OPENS
2025-05-26 17:50:19,876 - INFO - Initialized feature similarity graph constructor for LUSTRE_STRIPE_SIZE
2025-05-26 17:50:19,876 - INFO - Initialized feature similarity graph constructor for LUSTRE_STRIPE_WIDTH
2025-05-26 17:50:19,876 - INFO - Initialized feature similarity graph constructor for POSIX_FILENOS
2025-05-26 17:50:19,876 - INFO - Initialized feature similarity graph constructor for POSIX_MEM_ALIGNMENT
2025-05-26 17:50:19,876 - INFO - Initialized feature similarity graph constructor for POSIX_FILE_ALIGNMENT
2025-05-26 17:50:19,876 - INFO - Initialized feature similarity graph constructor for POSIX_READS
2025-05-26 17:50:19,876 - INFO - Initialized feature similarity graph constructor for POSIX_WRITES
2025-05-26 17:50:19,876 - INFO - Initialized feature similarity graph constructor for POSIX_SEEKS
2025-05-26 17:50:19,876 - INFO - Initialized feature similarity graph constructor for POSIX_STATS
2025-05-26 17:50:19,876 - INFO - Initialized feature similarity graph constructor for POSIX_BYTES_READ
2025-05-26 17:50:19,876 - INFO - Initialized feature similarity graph constructor for POSIX_BYTES_WRITTEN
2025-05-26 17:50:19,876 - INFO - Initialized feature similarity graph constructor for POSIX_CONSEC_READS
2025-05-26 17:50:19,876 - INFO - Initialized feature similarity graph constructor for POSIX_CONSEC_WRITES
2025-05-26 17:50:19,876 - INFO - Initialized feature similarity graph constructor for POSIX_SEQ_READS
2025-05-26 17:50:19,876 - INFO - Initialized feature similarity graph constructor for POSIX_SEQ_WRITES
2025-05-26 17:50:19,876 - INFO - Initialized feature similarity graph constructor for POSIX_RW_SWITCHES
2025-05-26 17:50:19,876 - INFO - Initialized feature similarity graph constructor for POSIX_MEM_NOT_ALIGNED
2025-05-26 17:50:19,876 - INFO - Initialized feature similarity graph constructor for POSIX_FILE_NOT_ALIGNED
2025-05-26 17:50:19,876 - INFO - Initialized feature similarity graph constructor for POSIX_SIZE_READ_0_100
2025-05-26 17:50:19,876 - INFO - Initialized feature similarity graph constructor for POSIX_SIZE_READ_100_1K
2025-05-26 17:50:19,876 - INFO - Initialized feature similarity graph constructor for POSIX_SIZE_READ_1K_10K
2025-05-26 17:50:19,876 - INFO - Initialized feature similarity graph constructor for POSIX_SIZE_READ_100K_1M
2025-05-26 17:50:19,876 - INFO - Initialized feature similarity graph constructor for POSIX_SIZE_WRITE_0_100
2025-05-26 17:50:19,876 - INFO - Initialized feature similarity graph constructor for POSIX_SIZE_WRITE_100_1K
2025-05-26 17:50:19,876 - INFO - Initialized feature similarity graph constructor for POSIX_SIZE_WRITE_1K_10K
2025-05-26 17:50:19,876 - INFO - Initialized feature similarity graph constructor for POSIX_SIZE_WRITE_10K_100K
2025-05-26 17:50:19,876 - INFO - Initialized feature similarity graph constructor for POSIX_SIZE_WRITE_100K_1M
2025-05-26 17:50:19,876 - INFO - Initialized feature similarity graph constructor for POSIX_STRIDE1_STRIDE
2025-05-26 17:50:19,876 - INFO - Initialized feature similarity graph constructor for POSIX_STRIDE2_STRIDE
2025-05-26 17:50:19,876 - INFO - Initialized feature similarity graph constructor for POSIX_STRIDE3_STRIDE
2025-05-26 17:50:19,876 - INFO - Initialized feature similarity graph constructor for POSIX_STRIDE4_STRIDE
2025-05-26 17:50:19,876 - INFO - Initialized feature similarity graph constructor for POSIX_STRIDE1_COUNT
2025-05-26 17:50:19,876 - INFO - Initialized feature similarity graph constructor for POSIX_STRIDE2_COUNT
2025-05-26 17:50:19,876 - INFO - Initialized feature similarity graph constructor for POSIX_STRIDE3_COUNT
2025-05-26 17:50:19,876 - INFO - Initialized feature similarity graph constructor for POSIX_STRIDE4_COUNT
2025-05-26 17:50:19,876 - INFO - Initialized feature similarity graph constructor for POSIX_ACCESS1_ACCESS
2025-05-26 17:50:19,876 - INFO - Initialized feature similarity graph constructor for POSIX_ACCESS2_ACCESS
2025-05-26 17:50:19,877 - INFO - Initialized feature similarity graph constructor for POSIX_ACCESS3_ACCESS
2025-05-26 17:50:19,877 - INFO - Initialized feature similarity graph constructor for POSIX_ACCESS4_ACCESS
2025-05-26 17:50:19,877 - INFO - Initialized feature similarity graph constructor for POSIX_ACCESS1_COUNT
2025-05-26 17:50:19,877 - INFO - Initialized feature similarity graph constructor for POSIX_ACCESS2_COUNT
2025-05-26 17:50:19,877 - INFO - Initialized feature similarity graph constructor for POSIX_ACCESS3_COUNT
2025-05-26 17:50:19,877 - INFO - Initialized feature similarity graph constructor for POSIX_ACCESS4_COUNT
2025-05-26 17:50:19,877 - INFO - Initialized multiplex graph constructor for 45 features
2025-05-26 17:50:19,877 - INFO - Creating combined PyG data
2025-05-26 17:50:19,877 - INFO - Loading precomputed similarity from data/10K/similarity_output_10K.pt
2025-05-26 17:50:20,355 - INFO - Splitting data into train, validation, and test sets
2025-05-26 17:50:20,370 - INFO - Train: 7000, Val: 1500, Test: 1500
2025-05-26 17:50:20,373 - INFO - Saving processed data to logs/training/all/Experiment6/xgboost/processed_data
2025-05-26 17:50:20,571 - INFO - Constructing multiplex graphs
2025-05-26 17:50:20,571 - INFO - Loading precomputed similarity from data/10K/similarity_output_10K.pt
2025-05-26 17:50:21,018 - INFO - Creating combined PyG data
2025-05-26 17:50:21,018 - INFO - Loading precomputed similarity from data/10K/similarity_output_10K.pt
2025-05-26 17:50:21,522 - INFO - Saved processed data to logs/training/all/Experiment6/xgboost/processed_data
2025-05-26 17:50:21,523 - INFO - Initialized xgboost model
2025-05-26 17:50:22,976 - INFO - XGBoost model fitted with 45 features
2025-05-26 17:50:22,983 - INFO - Evaluation metrics: {'mse': 0.00015150412218645215, 'rmse': 0.012308701076330197, 'mae': 0.0061679407954216, 'r2': 0.9377410411834717}
2025-05-26 17:50:22,986 - INFO - Final metrics: {'mse': 0.00015150412218645215, 'rmse': 0.012308701076330197, 'mae': 0.0061679407954216, 'r2': 0.9377410411834717}
2025-05-26 17:50:22,986 - INFO - Model and results saved to logs/training/all/Experiment6/xgboost
2025-05-26 17:50:23,006 - INFO - Model saved to logs/training/all/Experiment6/xgboost/xgboost_model.joblib
2025-05-26 17:50:28,837 - INFO - Parsed arguments:
{
    "data_path": "data/10K/sample_10K.csv",
    "output_dir": "logs/training/all/Experiment6/mlp",
    "target_column": "tag",
    "important_features": null,
    "similarity_threshold": 0.05,
    "model_type": "mlp",
    "gnn_type": "gcn",
    "hidden_dim": 64,
    "num_layers": 2,
    "dropout": 0.1,
    "batch_size": 32,
    "epochs": 100,
    "lr": 0.001,
    "weight_decay": 0.0001,
    "patience": 10,
    "seed": 42,
    "device": "cuda",
    "precomputed_similarity_path": "data/10K/similarity_output_10K.pt"
}
2025-05-26 17:50:28,844 - INFO - Using device: cuda
2025-05-26 17:50:28,844 - INFO - Initialized I/O data processor for data/10K/sample_10K.csv
2025-05-26 17:50:28,844 - INFO - Loading data from data/10K/sample_10K.csv
2025-05-26 17:50:28,876 - INFO - Loaded data with shape (10000, 46)
2025-05-26 17:50:28,877 - INFO - Preprocessing data
2025-05-26 17:50:28,877 - INFO - Initialized feature similarity graph constructor for nprocs
2025-05-26 17:50:28,877 - INFO - Initialized feature similarity graph constructor for POSIX_OPENS
2025-05-26 17:50:28,877 - INFO - Initialized feature similarity graph constructor for LUSTRE_STRIPE_SIZE
2025-05-26 17:50:28,877 - INFO - Initialized feature similarity graph constructor for LUSTRE_STRIPE_WIDTH
2025-05-26 17:50:28,877 - INFO - Initialized feature similarity graph constructor for POSIX_FILENOS
2025-05-26 17:50:28,877 - INFO - Initialized feature similarity graph constructor for POSIX_MEM_ALIGNMENT
2025-05-26 17:50:28,877 - INFO - Initialized feature similarity graph constructor for POSIX_FILE_ALIGNMENT
2025-05-26 17:50:28,877 - INFO - Initialized feature similarity graph constructor for POSIX_READS
2025-05-26 17:50:28,877 - INFO - Initialized feature similarity graph constructor for POSIX_WRITES
2025-05-26 17:50:28,877 - INFO - Initialized feature similarity graph constructor for POSIX_SEEKS
2025-05-26 17:50:28,877 - INFO - Initialized feature similarity graph constructor for POSIX_STATS
2025-05-26 17:50:28,877 - INFO - Initialized feature similarity graph constructor for POSIX_BYTES_READ
2025-05-26 17:50:28,877 - INFO - Initialized feature similarity graph constructor for POSIX_BYTES_WRITTEN
2025-05-26 17:50:28,877 - INFO - Initialized feature similarity graph constructor for POSIX_CONSEC_READS
2025-05-26 17:50:28,877 - INFO - Initialized feature similarity graph constructor for POSIX_CONSEC_WRITES
2025-05-26 17:50:28,877 - INFO - Initialized feature similarity graph constructor for POSIX_SEQ_READS
2025-05-26 17:50:28,877 - INFO - Initialized feature similarity graph constructor for POSIX_SEQ_WRITES
2025-05-26 17:50:28,877 - INFO - Initialized feature similarity graph constructor for POSIX_RW_SWITCHES
2025-05-26 17:50:28,877 - INFO - Initialized feature similarity graph constructor for POSIX_MEM_NOT_ALIGNED
2025-05-26 17:50:28,877 - INFO - Initialized feature similarity graph constructor for POSIX_FILE_NOT_ALIGNED
2025-05-26 17:50:28,877 - INFO - Initialized feature similarity graph constructor for POSIX_SIZE_READ_0_100
2025-05-26 17:50:28,877 - INFO - Initialized feature similarity graph constructor for POSIX_SIZE_READ_100_1K
2025-05-26 17:50:28,877 - INFO - Initialized feature similarity graph constructor for POSIX_SIZE_READ_1K_10K
2025-05-26 17:50:28,877 - INFO - Initialized feature similarity graph constructor for POSIX_SIZE_READ_100K_1M
2025-05-26 17:50:28,877 - INFO - Initialized feature similarity graph constructor for POSIX_SIZE_WRITE_0_100
2025-05-26 17:50:28,877 - INFO - Initialized feature similarity graph constructor for POSIX_SIZE_WRITE_100_1K
2025-05-26 17:50:28,877 - INFO - Initialized feature similarity graph constructor for POSIX_SIZE_WRITE_1K_10K
2025-05-26 17:50:28,877 - INFO - Initialized feature similarity graph constructor for POSIX_SIZE_WRITE_10K_100K
2025-05-26 17:50:28,877 - INFO - Initialized feature similarity graph constructor for POSIX_SIZE_WRITE_100K_1M
2025-05-26 17:50:28,877 - INFO - Initialized feature similarity graph constructor for POSIX_STRIDE1_STRIDE
2025-05-26 17:50:28,877 - INFO - Initialized feature similarity graph constructor for POSIX_STRIDE2_STRIDE
2025-05-26 17:50:28,877 - INFO - Initialized feature similarity graph constructor for POSIX_STRIDE3_STRIDE
2025-05-26 17:50:28,877 - INFO - Initialized feature similarity graph constructor for POSIX_STRIDE4_STRIDE
2025-05-26 17:50:28,877 - INFO - Initialized feature similarity graph constructor for POSIX_STRIDE1_COUNT
2025-05-26 17:50:28,877 - INFO - Initialized feature similarity graph constructor for POSIX_STRIDE2_COUNT
2025-05-26 17:50:28,877 - INFO - Initialized feature similarity graph constructor for POSIX_STRIDE3_COUNT
2025-05-26 17:50:28,877 - INFO - Initialized feature similarity graph constructor for POSIX_STRIDE4_COUNT
2025-05-26 17:50:28,877 - INFO - Initialized feature similarity graph constructor for POSIX_ACCESS1_ACCESS
2025-05-26 17:50:28,877 - INFO - Initialized feature similarity graph constructor for POSIX_ACCESS2_ACCESS
2025-05-26 17:50:28,877 - INFO - Initialized feature similarity graph constructor for POSIX_ACCESS3_ACCESS
2025-05-26 17:50:28,877 - INFO - Initialized feature similarity graph constructor for POSIX_ACCESS4_ACCESS
2025-05-26 17:50:28,877 - INFO - Initialized feature similarity graph constructor for POSIX_ACCESS1_COUNT
2025-05-26 17:50:28,877 - INFO - Initialized feature similarity graph constructor for POSIX_ACCESS2_COUNT
2025-05-26 17:50:28,877 - INFO - Initialized feature similarity graph constructor for POSIX_ACCESS3_COUNT
2025-05-26 17:50:28,877 - INFO - Initialized feature similarity graph constructor for POSIX_ACCESS4_COUNT
2025-05-26 17:50:28,877 - INFO - Initialized multiplex graph constructor for 45 features
2025-05-26 17:50:28,877 - INFO - Creating combined PyG data
2025-05-26 17:50:28,877 - INFO - Loading precomputed similarity from data/10K/similarity_output_10K.pt
2025-05-26 17:50:29,325 - INFO - Splitting data into train, validation, and test sets
2025-05-26 17:50:29,330 - INFO - Train: 7000, Val: 1500, Test: 1500
2025-05-26 17:50:29,336 - INFO - Saving processed data to logs/training/all/Experiment6/mlp/processed_data
2025-05-26 17:50:29,531 - INFO - Constructing multiplex graphs
2025-05-26 17:50:29,531 - INFO - Loading precomputed similarity from data/10K/similarity_output_10K.pt
2025-05-26 17:50:29,954 - INFO - Creating combined PyG data
2025-05-26 17:50:29,954 - INFO - Loading precomputed similarity from data/10K/similarity_output_10K.pt
2025-05-26 17:50:30,439 - INFO - Saved processed data to logs/training/all/Experiment6/mlp/processed_data
2025-05-26 17:50:30,440 - INFO - Initialized mlp model
/u/mbanisharifdehkordi/.conda/envs/gnn4_env/lib/python3.9/site-packages/sklearn/neural_network/_multilayer_perceptron.py:691: ConvergenceWarning: Stochastic Optimizer: Maximum iterations (100) reached and the optimization hasn't converged yet.
  warnings.warn(
2025-05-26 17:50:31,836 - INFO - MLP model fitted with 45 features
2025-05-26 17:50:31,838 - INFO - Evaluation metrics: {'mse': 0.0005447770818136632, 'rmse': 0.023340460188558048, 'mae': 0.012180229648947716, 'r2': 0.7761298418045044}
2025-05-26 17:50:31,842 - INFO - Final metrics: {'mse': 0.0005447770818136632, 'rmse': 0.023340460188558048, 'mae': 0.012180229648947716, 'r2': 0.7761298418045044}
2025-05-26 17:50:31,842 - INFO - Model and results saved to logs/training/all/Experiment6/mlp
2025-05-26 17:50:31,848 - INFO - Model saved to logs/training/all/Experiment6/mlp/mlp_model.joblib
2025-05-26 17:50:36,484 - INFO - Parsed arguments:
{
    "data_path": "data/10K/sample_10K.csv",
    "output_dir": "logs/training/all/Experiment6/tabnet",
    "target_column": "tag",
    "important_features": null,
    "similarity_threshold": 0.05,
    "model_type": "tabnet",
    "gnn_type": "gcn",
    "hidden_dim": 64,
    "num_layers": 2,
    "dropout": 0.1,
    "batch_size": 32,
    "epochs": 100,
    "lr": 0.001,
    "weight_decay": 0.0001,
    "patience": 10,
    "seed": 42,
    "device": "cuda",
    "precomputed_similarity_path": "data/10K/similarity_output_10K.pt"
}
2025-05-26 17:50:36,490 - INFO - Using device: cuda
2025-05-26 17:50:36,490 - INFO - Initialized I/O data processor for data/10K/sample_10K.csv
2025-05-26 17:50:36,490 - INFO - Loading data from data/10K/sample_10K.csv
2025-05-26 17:50:36,522 - INFO - Loaded data with shape (10000, 46)
2025-05-26 17:50:36,522 - INFO - Preprocessing data
2025-05-26 17:50:36,522 - INFO - Initialized feature similarity graph constructor for nprocs
2025-05-26 17:50:36,522 - INFO - Initialized feature similarity graph constructor for POSIX_OPENS
2025-05-26 17:50:36,522 - INFO - Initialized feature similarity graph constructor for LUSTRE_STRIPE_SIZE
2025-05-26 17:50:36,522 - INFO - Initialized feature similarity graph constructor for LUSTRE_STRIPE_WIDTH
2025-05-26 17:50:36,522 - INFO - Initialized feature similarity graph constructor for POSIX_FILENOS
2025-05-26 17:50:36,523 - INFO - Initialized feature similarity graph constructor for POSIX_MEM_ALIGNMENT
2025-05-26 17:50:36,523 - INFO - Initialized feature similarity graph constructor for POSIX_FILE_ALIGNMENT
2025-05-26 17:50:36,523 - INFO - Initialized feature similarity graph constructor for POSIX_READS
2025-05-26 17:50:36,523 - INFO - Initialized feature similarity graph constructor for POSIX_WRITES
2025-05-26 17:50:36,523 - INFO - Initialized feature similarity graph constructor for POSIX_SEEKS
2025-05-26 17:50:36,523 - INFO - Initialized feature similarity graph constructor for POSIX_STATS
2025-05-26 17:50:36,523 - INFO - Initialized feature similarity graph constructor for POSIX_BYTES_READ
2025-05-26 17:50:36,523 - INFO - Initialized feature similarity graph constructor for POSIX_BYTES_WRITTEN
2025-05-26 17:50:36,523 - INFO - Initialized feature similarity graph constructor for POSIX_CONSEC_READS
2025-05-26 17:50:36,523 - INFO - Initialized feature similarity graph constructor for POSIX_CONSEC_WRITES
2025-05-26 17:50:36,523 - INFO - Initialized feature similarity graph constructor for POSIX_SEQ_READS
2025-05-26 17:50:36,523 - INFO - Initialized feature similarity graph constructor for POSIX_SEQ_WRITES
2025-05-26 17:50:36,523 - INFO - Initialized feature similarity graph constructor for POSIX_RW_SWITCHES
2025-05-26 17:50:36,523 - INFO - Initialized feature similarity graph constructor for POSIX_MEM_NOT_ALIGNED
2025-05-26 17:50:36,523 - INFO - Initialized feature similarity graph constructor for POSIX_FILE_NOT_ALIGNED
2025-05-26 17:50:36,523 - INFO - Initialized feature similarity graph constructor for POSIX_SIZE_READ_0_100
2025-05-26 17:50:36,523 - INFO - Initialized feature similarity graph constructor for POSIX_SIZE_READ_100_1K
2025-05-26 17:50:36,523 - INFO - Initialized feature similarity graph constructor for POSIX_SIZE_READ_1K_10K
2025-05-26 17:50:36,523 - INFO - Initialized feature similarity graph constructor for POSIX_SIZE_READ_100K_1M
2025-05-26 17:50:36,523 - INFO - Initialized feature similarity graph constructor for POSIX_SIZE_WRITE_0_100
2025-05-26 17:50:36,523 - INFO - Initialized feature similarity graph constructor for POSIX_SIZE_WRITE_100_1K
2025-05-26 17:50:36,523 - INFO - Initialized feature similarity graph constructor for POSIX_SIZE_WRITE_1K_10K
2025-05-26 17:50:36,523 - INFO - Initialized feature similarity graph constructor for POSIX_SIZE_WRITE_10K_100K
2025-05-26 17:50:36,523 - INFO - Initialized feature similarity graph constructor for POSIX_SIZE_WRITE_100K_1M
2025-05-26 17:50:36,523 - INFO - Initialized feature similarity graph constructor for POSIX_STRIDE1_STRIDE
2025-05-26 17:50:36,523 - INFO - Initialized feature similarity graph constructor for POSIX_STRIDE2_STRIDE
2025-05-26 17:50:36,523 - INFO - Initialized feature similarity graph constructor for POSIX_STRIDE3_STRIDE
2025-05-26 17:50:36,523 - INFO - Initialized feature similarity graph constructor for POSIX_STRIDE4_STRIDE
2025-05-26 17:50:36,523 - INFO - Initialized feature similarity graph constructor for POSIX_STRIDE1_COUNT
2025-05-26 17:50:36,523 - INFO - Initialized feature similarity graph constructor for POSIX_STRIDE2_COUNT
2025-05-26 17:50:36,523 - INFO - Initialized feature similarity graph constructor for POSIX_STRIDE3_COUNT
2025-05-26 17:50:36,523 - INFO - Initialized feature similarity graph constructor for POSIX_STRIDE4_COUNT
2025-05-26 17:50:36,523 - INFO - Initialized feature similarity graph constructor for POSIX_ACCESS1_ACCESS
2025-05-26 17:50:36,523 - INFO - Initialized feature similarity graph constructor for POSIX_ACCESS2_ACCESS
2025-05-26 17:50:36,523 - INFO - Initialized feature similarity graph constructor for POSIX_ACCESS3_ACCESS
2025-05-26 17:50:36,523 - INFO - Initialized feature similarity graph constructor for POSIX_ACCESS4_ACCESS
2025-05-26 17:50:36,523 - INFO - Initialized feature similarity graph constructor for POSIX_ACCESS1_COUNT
2025-05-26 17:50:36,523 - INFO - Initialized feature similarity graph constructor for POSIX_ACCESS2_COUNT
2025-05-26 17:50:36,523 - INFO - Initialized feature similarity graph constructor for POSIX_ACCESS3_COUNT
2025-05-26 17:50:36,523 - INFO - Initialized feature similarity graph constructor for POSIX_ACCESS4_COUNT
2025-05-26 17:50:36,523 - INFO - Initialized multiplex graph constructor for 45 features
2025-05-26 17:50:36,523 - INFO - Creating combined PyG data
2025-05-26 17:50:36,523 - INFO - Loading precomputed similarity from data/10K/similarity_output_10K.pt
2025-05-26 17:50:36,971 - INFO - Splitting data into train, validation, and test sets
2025-05-26 17:50:36,976 - INFO - Train: 7000, Val: 1500, Test: 1500
2025-05-26 17:50:36,981 - INFO - Saving processed data to logs/training/all/Experiment6/tabnet/processed_data
2025-05-26 17:50:37,173 - INFO - Constructing multiplex graphs
2025-05-26 17:50:37,173 - INFO - Loading precomputed similarity from data/10K/similarity_output_10K.pt
2025-05-26 17:50:37,592 - INFO - Creating combined PyG data
2025-05-26 17:50:37,592 - INFO - Loading precomputed similarity from data/10K/similarity_output_10K.pt
2025-05-26 17:50:38,151 - INFO - Saved processed data to logs/training/all/Experiment6/tabnet/processed_data
2025-05-26 17:50:38,152 - INFO - Initialized tabnet model
/u/mbanisharifdehkordi/.local/lib/python3.9/site-packages/pytorch_tabnet/abstract_model.py:82: UserWarning: Device used : cuda
  warnings.warn(f"Device used : {self.device}")
/u/mbanisharifdehkordi/.local/lib/python3.9/site-packages/pytorch_tabnet/abstract_model.py:687: UserWarning: No early stopping will be performed, last training weights will be used.
  warnings.warn(wrn_msg)
2025-05-26 17:50:49,681 - INFO - TabNet model fitted with 45 features
2025-05-26 17:50:49,697 - INFO - Evaluation metrics: {'mse': 0.004037569742649794, 'rmse': 0.06354187393089532, 'mae': 0.03923201188445091, 'r2': -0.6591947078704834}
2025-05-26 17:50:49,701 - INFO - Final metrics: {'mse': 0.004037569742649794, 'rmse': 0.06354187393089532, 'mae': 0.03923201188445091, 'r2': -0.6591947078704834}
2025-05-26 17:50:49,701 - INFO - Model and results saved to logs/training/all/Experiment6/tabnet
2025-05-26 17:50:49,746 - INFO - Model saved to logs/training/all/Experiment6/tabnet/tabnet_model.joblib
2025-05-26 17:50:55,486 - INFO - Parsed arguments:
{
    "data_path": "data/10K/sample_10K.csv",
    "output_dir": "logs/training/all/Experiment6/combined",
    "target_column": "tag",
    "important_features": null,
    "similarity_threshold": 0.05,
    "model_type": "combined",
    "gnn_type": "gcn",
    "hidden_dim": 64,
    "num_layers": 2,
    "dropout": 0.1,
    "batch_size": 32,
    "epochs": 100,
    "lr": 0.001,
    "weight_decay": 0.0001,
    "patience": 10,
    "seed": 42,
    "device": "cuda",
    "precomputed_similarity_path": "data/10K/similarity_output_10K.pt"
}
2025-05-26 17:50:55,493 - INFO - Using device: cuda
2025-05-26 17:50:55,493 - INFO - Initialized I/O data processor for data/10K/sample_10K.csv
2025-05-26 17:50:55,493 - INFO - Loading data from data/10K/sample_10K.csv
2025-05-26 17:50:55,528 - INFO - Loaded data with shape (10000, 46)
2025-05-26 17:50:55,528 - INFO - Preprocessing data
2025-05-26 17:50:55,528 - INFO - Initialized feature similarity graph constructor for nprocs
2025-05-26 17:50:55,528 - INFO - Initialized feature similarity graph constructor for POSIX_OPENS
2025-05-26 17:50:55,528 - INFO - Initialized feature similarity graph constructor for LUSTRE_STRIPE_SIZE
2025-05-26 17:50:55,528 - INFO - Initialized feature similarity graph constructor for LUSTRE_STRIPE_WIDTH
2025-05-26 17:50:55,528 - INFO - Initialized feature similarity graph constructor for POSIX_FILENOS
2025-05-26 17:50:55,528 - INFO - Initialized feature similarity graph constructor for POSIX_MEM_ALIGNMENT
2025-05-26 17:50:55,528 - INFO - Initialized feature similarity graph constructor for POSIX_FILE_ALIGNMENT
2025-05-26 17:50:55,528 - INFO - Initialized feature similarity graph constructor for POSIX_READS
2025-05-26 17:50:55,528 - INFO - Initialized feature similarity graph constructor for POSIX_WRITES
2025-05-26 17:50:55,528 - INFO - Initialized feature similarity graph constructor for POSIX_SEEKS
2025-05-26 17:50:55,528 - INFO - Initialized feature similarity graph constructor for POSIX_STATS
2025-05-26 17:50:55,528 - INFO - Initialized feature similarity graph constructor for POSIX_BYTES_READ
2025-05-26 17:50:55,528 - INFO - Initialized feature similarity graph constructor for POSIX_BYTES_WRITTEN
2025-05-26 17:50:55,528 - INFO - Initialized feature similarity graph constructor for POSIX_CONSEC_READS
2025-05-26 17:50:55,528 - INFO - Initialized feature similarity graph constructor for POSIX_CONSEC_WRITES
2025-05-26 17:50:55,528 - INFO - Initialized feature similarity graph constructor for POSIX_SEQ_READS
2025-05-26 17:50:55,528 - INFO - Initialized feature similarity graph constructor for POSIX_SEQ_WRITES
2025-05-26 17:50:55,528 - INFO - Initialized feature similarity graph constructor for POSIX_RW_SWITCHES
2025-05-26 17:50:55,528 - INFO - Initialized feature similarity graph constructor for POSIX_MEM_NOT_ALIGNED
2025-05-26 17:50:55,528 - INFO - Initialized feature similarity graph constructor for POSIX_FILE_NOT_ALIGNED
2025-05-26 17:50:55,528 - INFO - Initialized feature similarity graph constructor for POSIX_SIZE_READ_0_100
2025-05-26 17:50:55,528 - INFO - Initialized feature similarity graph constructor for POSIX_SIZE_READ_100_1K
2025-05-26 17:50:55,528 - INFO - Initialized feature similarity graph constructor for POSIX_SIZE_READ_1K_10K
2025-05-26 17:50:55,528 - INFO - Initialized feature similarity graph constructor for POSIX_SIZE_READ_100K_1M
2025-05-26 17:50:55,528 - INFO - Initialized feature similarity graph constructor for POSIX_SIZE_WRITE_0_100
2025-05-26 17:50:55,528 - INFO - Initialized feature similarity graph constructor for POSIX_SIZE_WRITE_100_1K
2025-05-26 17:50:55,528 - INFO - Initialized feature similarity graph constructor for POSIX_SIZE_WRITE_1K_10K
2025-05-26 17:50:55,528 - INFO - Initialized feature similarity graph constructor for POSIX_SIZE_WRITE_10K_100K
2025-05-26 17:50:55,528 - INFO - Initialized feature similarity graph constructor for POSIX_SIZE_WRITE_100K_1M
2025-05-26 17:50:55,528 - INFO - Initialized feature similarity graph constructor for POSIX_STRIDE1_STRIDE
2025-05-26 17:50:55,528 - INFO - Initialized feature similarity graph constructor for POSIX_STRIDE2_STRIDE
2025-05-26 17:50:55,528 - INFO - Initialized feature similarity graph constructor for POSIX_STRIDE3_STRIDE
2025-05-26 17:50:55,528 - INFO - Initialized feature similarity graph constructor for POSIX_STRIDE4_STRIDE
2025-05-26 17:50:55,528 - INFO - Initialized feature similarity graph constructor for POSIX_STRIDE1_COUNT
2025-05-26 17:50:55,528 - INFO - Initialized feature similarity graph constructor for POSIX_STRIDE2_COUNT
2025-05-26 17:50:55,528 - INFO - Initialized feature similarity graph constructor for POSIX_STRIDE3_COUNT
2025-05-26 17:50:55,528 - INFO - Initialized feature similarity graph constructor for POSIX_STRIDE4_COUNT
2025-05-26 17:50:55,528 - INFO - Initialized feature similarity graph constructor for POSIX_ACCESS1_ACCESS
2025-05-26 17:50:55,528 - INFO - Initialized feature similarity graph constructor for POSIX_ACCESS2_ACCESS
2025-05-26 17:50:55,528 - INFO - Initialized feature similarity graph constructor for POSIX_ACCESS3_ACCESS
2025-05-26 17:50:55,528 - INFO - Initialized feature similarity graph constructor for POSIX_ACCESS4_ACCESS
2025-05-26 17:50:55,528 - INFO - Initialized feature similarity graph constructor for POSIX_ACCESS1_COUNT
2025-05-26 17:50:55,528 - INFO - Initialized feature similarity graph constructor for POSIX_ACCESS2_COUNT
2025-05-26 17:50:55,528 - INFO - Initialized feature similarity graph constructor for POSIX_ACCESS3_COUNT
2025-05-26 17:50:55,528 - INFO - Initialized feature similarity graph constructor for POSIX_ACCESS4_COUNT
2025-05-26 17:50:55,528 - INFO - Initialized multiplex graph constructor for 45 features
2025-05-26 17:50:55,528 - INFO - Creating combined PyG data
2025-05-26 17:50:55,529 - INFO - Loading precomputed similarity from data/10K/similarity_output_10K.pt
2025-05-26 17:50:55,987 - INFO - Splitting data into train, validation, and test sets
2025-05-26 17:50:55,992 - INFO - Train: 7000, Val: 1500, Test: 1500
2025-05-26 17:50:55,997 - INFO - Saving processed data to logs/training/all/Experiment6/combined/processed_data
2025-05-26 17:50:56,195 - INFO - Constructing multiplex graphs
2025-05-26 17:50:56,195 - INFO - Loading precomputed similarity from data/10K/similarity_output_10K.pt
2025-05-26 17:50:56,627 - INFO - Creating combined PyG data
2025-05-26 17:50:56,627 - INFO - Loading precomputed similarity from data/10K/similarity_output_10K.pt
2025-05-26 17:50:57,118 - INFO - Saved processed data to logs/training/all/Experiment6/combined/processed_data
2025-05-26 17:50:57,363 - INFO - Initialized GCN model with 2 layers
2025-05-26 17:50:57,363 - INFO - Initialized TabGNN regressor with 1 graph types
2025-05-26 17:50:57,514 - INFO - Epoch 1/100: Train Loss: 0.0070, Val Loss: 0.0047, Test Loss: 0.0048
2025-05-26 17:50:57,520 - INFO - Epoch 2/100: Train Loss: 0.0050, Val Loss: 0.0032, Test Loss: 0.0033
2025-05-26 17:50:57,525 - INFO - Epoch 3/100: Train Loss: 0.0035, Val Loss: 0.0025, Test Loss: 0.0026
2025-05-26 17:50:57,529 - INFO - Epoch 4/100: Train Loss: 0.0029, Val Loss: 0.0022, Test Loss: 0.0022
2025-05-26 17:50:57,533 - INFO - Epoch 5/100: Train Loss: 0.0025, Val Loss: 0.0019, Test Loss: 0.0020
2025-05-26 17:50:57,537 - INFO - Epoch 6/100: Train Loss: 0.0023, Val Loss: 0.0017, Test Loss: 0.0017
2025-05-26 17:50:57,541 - INFO - Epoch 7/100: Train Loss: 0.0022, Val Loss: 0.0015, Test Loss: 0.0015
2025-05-26 17:50:57,545 - INFO - Epoch 8/100: Train Loss: 0.0019, Val Loss: 0.0013, Test Loss: 0.0013
2025-05-26 17:50:57,549 - INFO - Epoch 9/100: Train Loss: 0.0016, Val Loss: 0.0012, Test Loss: 0.0012
2025-05-26 17:50:57,553 - INFO - Epoch 10/100: Train Loss: 0.0015, Val Loss: 0.0011, Test Loss: 0.0011
2025-05-26 17:50:57,558 - INFO - Epoch 11/100: Train Loss: 0.0014, Val Loss: 0.0009, Test Loss: 0.0009
2025-05-26 17:50:57,562 - INFO - Epoch 12/100: Train Loss: 0.0013, Val Loss: 0.0008, Test Loss: 0.0008
2025-05-26 17:50:57,566 - INFO - Epoch 13/100: Train Loss: 0.0011, Val Loss: 0.0008, Test Loss: 0.0008
2025-05-26 17:50:57,570 - INFO - Epoch 14/100: Train Loss: 0.0012, Val Loss: 0.0009, Test Loss: 0.0009
2025-05-26 17:50:57,574 - INFO - Epoch 15/100: Train Loss: 0.0012, Val Loss: 0.0009, Test Loss: 0.0009
2025-05-26 17:50:57,578 - INFO - Epoch 16/100: Train Loss: 0.0013, Val Loss: 0.0009, Test Loss: 0.0009
2025-05-26 17:50:57,582 - INFO - Epoch 17/100: Train Loss: 0.0013, Val Loss: 0.0009, Test Loss: 0.0009
2025-05-26 17:50:57,586 - INFO - Epoch 18/100: Train Loss: 0.0012, Val Loss: 0.0009, Test Loss: 0.0009
2025-05-26 17:50:57,590 - INFO - Epoch 19/100: Train Loss: 0.0012, Val Loss: 0.0009, Test Loss: 0.0009
2025-05-26 17:50:57,594 - INFO - Epoch 20/100: Train Loss: 0.0011, Val Loss: 0.0008, Test Loss: 0.0009
2025-05-26 17:50:57,598 - INFO - Epoch 21/100: Train Loss: 0.0011, Val Loss: 0.0008, Test Loss: 0.0008
2025-05-26 17:50:57,602 - INFO - Epoch 22/100: Train Loss: 0.0011, Val Loss: 0.0008, Test Loss: 0.0008
2025-05-26 17:50:57,606 - INFO - Epoch 23/100: Train Loss: 0.0011, Val Loss: 0.0007, Test Loss: 0.0008
2025-05-26 17:50:57,610 - INFO - Epoch 24/100: Train Loss: 0.0010, Val Loss: 0.0007, Test Loss: 0.0007
2025-05-26 17:50:57,614 - INFO - Epoch 25/100: Train Loss: 0.0010, Val Loss: 0.0007, Test Loss: 0.0007
2025-05-26 17:50:57,618 - INFO - Epoch 26/100: Train Loss: 0.0010, Val Loss: 0.0007, Test Loss: 0.0007
2025-05-26 17:50:57,622 - INFO - Epoch 27/100: Train Loss: 0.0010, Val Loss: 0.0007, Test Loss: 0.0007
2025-05-26 17:50:57,626 - INFO - Epoch 28/100: Train Loss: 0.0010, Val Loss: 0.0007, Test Loss: 0.0007
2025-05-26 17:50:57,630 - INFO - Epoch 29/100: Train Loss: 0.0009, Val Loss: 0.0007, Test Loss: 0.0007
2025-05-26 17:50:57,634 - INFO - Epoch 30/100: Train Loss: 0.0009, Val Loss: 0.0007, Test Loss: 0.0007
2025-05-26 17:50:57,638 - INFO - Epoch 31/100: Train Loss: 0.0009, Val Loss: 0.0007, Test Loss: 0.0007
2025-05-26 17:50:57,642 - INFO - Epoch 32/100: Train Loss: 0.0009, Val Loss: 0.0007, Test Loss: 0.0007
2025-05-26 17:50:57,646 - INFO - Epoch 33/100: Train Loss: 0.0009, Val Loss: 0.0007, Test Loss: 0.0007
2025-05-26 17:50:57,650 - INFO - Epoch 34/100: Train Loss: 0.0009, Val Loss: 0.0007, Test Loss: 0.0007
2025-05-26 17:50:57,654 - INFO - Epoch 35/100: Train Loss: 0.0009, Val Loss: 0.0007, Test Loss: 0.0007
2025-05-26 17:50:57,658 - INFO - Epoch 36/100: Train Loss: 0.0009, Val Loss: 0.0007, Test Loss: 0.0007
2025-05-26 17:50:57,662 - INFO - Epoch 37/100: Train Loss: 0.0009, Val Loss: 0.0007, Test Loss: 0.0007
2025-05-26 17:50:57,666 - INFO - Epoch 38/100: Train Loss: 0.0009, Val Loss: 0.0007, Test Loss: 0.0007
2025-05-26 17:50:57,670 - INFO - Epoch 39/100: Train Loss: 0.0009, Val Loss: 0.0007, Test Loss: 0.0007
2025-05-26 17:50:57,674 - INFO - Epoch 40/100: Train Loss: 0.0009, Val Loss: 0.0007, Test Loss: 0.0007
2025-05-26 17:50:57,678 - INFO - Epoch 41/100: Train Loss: 0.0009, Val Loss: 0.0007, Test Loss: 0.0007
2025-05-26 17:50:57,682 - INFO - Epoch 42/100: Train Loss: 0.0009, Val Loss: 0.0007, Test Loss: 0.0007
2025-05-26 17:50:57,686 - INFO - Epoch 43/100: Train Loss: 0.0009, Val Loss: 0.0007, Test Loss: 0.0007
2025-05-26 17:50:57,690 - INFO - Epoch 44/100: Train Loss: 0.0009, Val Loss: 0.0006, Test Loss: 0.0007
2025-05-26 17:50:57,694 - INFO - Epoch 45/100: Train Loss: 0.0009, Val Loss: 0.0006, Test Loss: 0.0007
2025-05-26 17:50:57,698 - INFO - Epoch 46/100: Train Loss: 0.0009, Val Loss: 0.0006, Test Loss: 0.0007
2025-05-26 17:50:57,702 - INFO - Epoch 47/100: Train Loss: 0.0009, Val Loss: 0.0006, Test Loss: 0.0007
2025-05-26 17:50:57,706 - INFO - Epoch 48/100: Train Loss: 0.0008, Val Loss: 0.0006, Test Loss: 0.0007
2025-05-26 17:50:57,710 - INFO - Epoch 49/100: Train Loss: 0.0008, Val Loss: 0.0006, Test Loss: 0.0007
2025-05-26 17:50:57,714 - INFO - Epoch 50/100: Train Loss: 0.0008, Val Loss: 0.0006, Test Loss: 0.0007
2025-05-26 17:50:57,718 - INFO - Epoch 51/100: Train Loss: 0.0009, Val Loss: 0.0006, Test Loss: 0.0007
2025-05-26 17:50:57,722 - INFO - Epoch 52/100: Train Loss: 0.0008, Val Loss: 0.0006, Test Loss: 0.0006
2025-05-26 17:50:57,726 - INFO - Epoch 53/100: Train Loss: 0.0008, Val Loss: 0.0006, Test Loss: 0.0006
2025-05-26 17:50:57,730 - INFO - Epoch 54/100: Train Loss: 0.0008, Val Loss: 0.0006, Test Loss: 0.0006
2025-05-26 17:50:57,734 - INFO - Epoch 55/100: Train Loss: 0.0008, Val Loss: 0.0006, Test Loss: 0.0006
2025-05-26 17:50:57,738 - INFO - Epoch 56/100: Train Loss: 0.0008, Val Loss: 0.0006, Test Loss: 0.0006
2025-05-26 17:50:57,742 - INFO - Epoch 57/100: Train Loss: 0.0008, Val Loss: 0.0006, Test Loss: 0.0006
2025-05-26 17:50:57,746 - INFO - Epoch 58/100: Train Loss: 0.0008, Val Loss: 0.0006, Test Loss: 0.0006
2025-05-26 17:50:57,750 - INFO - Epoch 59/100: Train Loss: 0.0008, Val Loss: 0.0006, Test Loss: 0.0006
2025-05-26 17:50:57,754 - INFO - Epoch 60/100: Train Loss: 0.0008, Val Loss: 0.0006, Test Loss: 0.0006
2025-05-26 17:50:57,758 - INFO - Epoch 61/100: Train Loss: 0.0008, Val Loss: 0.0006, Test Loss: 0.0006
2025-05-26 17:50:57,762 - INFO - Epoch 62/100: Train Loss: 0.0008, Val Loss: 0.0006, Test Loss: 0.0006
2025-05-26 17:50:57,766 - INFO - Epoch 63/100: Train Loss: 0.0008, Val Loss: 0.0006, Test Loss: 0.0006
2025-05-26 17:50:57,770 - INFO - Epoch 64/100: Train Loss: 0.0008, Val Loss: 0.0006, Test Loss: 0.0006
2025-05-26 17:50:57,774 - INFO - Epoch 65/100: Train Loss: 0.0008, Val Loss: 0.0006, Test Loss: 0.0006
2025-05-26 17:50:57,778 - INFO - Epoch 66/100: Train Loss: 0.0008, Val Loss: 0.0006, Test Loss: 0.0006
2025-05-26 17:50:57,782 - INFO - Epoch 67/100: Train Loss: 0.0008, Val Loss: 0.0006, Test Loss: 0.0006
2025-05-26 17:50:57,786 - INFO - Epoch 68/100: Train Loss: 0.0008, Val Loss: 0.0006, Test Loss: 0.0006
2025-05-26 17:50:57,790 - INFO - Epoch 69/100: Train Loss: 0.0008, Val Loss: 0.0006, Test Loss: 0.0006
2025-05-26 17:50:57,794 - INFO - Epoch 70/100: Train Loss: 0.0008, Val Loss: 0.0006, Test Loss: 0.0006
2025-05-26 17:50:57,798 - INFO - Epoch 71/100: Train Loss: 0.0008, Val Loss: 0.0006, Test Loss: 0.0006
2025-05-26 17:50:57,803 - INFO - Epoch 72/100: Train Loss: 0.0008, Val Loss: 0.0006, Test Loss: 0.0006
2025-05-26 17:50:57,806 - INFO - Epoch 73/100: Train Loss: 0.0008, Val Loss: 0.0006, Test Loss: 0.0006
2025-05-26 17:50:57,810 - INFO - Epoch 74/100: Train Loss: 0.0008, Val Loss: 0.0006, Test Loss: 0.0006
2025-05-26 17:50:57,814 - INFO - Epoch 75/100: Train Loss: 0.0008, Val Loss: 0.0006, Test Loss: 0.0006
2025-05-26 17:50:57,819 - INFO - Epoch 76/100: Train Loss: 0.0008, Val Loss: 0.0006, Test Loss: 0.0006
2025-05-26 17:50:57,823 - INFO - Epoch 77/100: Train Loss: 0.0008, Val Loss: 0.0006, Test Loss: 0.0006
2025-05-26 17:50:57,827 - INFO - Epoch 78/100: Train Loss: 0.0008, Val Loss: 0.0006, Test Loss: 0.0006
2025-05-26 17:50:57,831 - INFO - Epoch 79/100: Train Loss: 0.0008, Val Loss: 0.0006, Test Loss: 0.0006
2025-05-26 17:50:57,835 - INFO - Epoch 80/100: Train Loss: 0.0008, Val Loss: 0.0005, Test Loss: 0.0006
2025-05-26 17:50:57,839 - INFO - Epoch 81/100: Train Loss: 0.0008, Val Loss: 0.0005, Test Loss: 0.0006
2025-05-26 17:50:57,843 - INFO - Epoch 82/100: Train Loss: 0.0008, Val Loss: 0.0005, Test Loss: 0.0006
2025-05-26 17:50:57,847 - INFO - Epoch 83/100: Train Loss: 0.0008, Val Loss: 0.0005, Test Loss: 0.0006
2025-05-26 17:50:57,851 - INFO - Epoch 84/100: Train Loss: 0.0008, Val Loss: 0.0005, Test Loss: 0.0006
2025-05-26 17:50:57,855 - INFO - Epoch 85/100: Train Loss: 0.0008, Val Loss: 0.0005, Test Loss: 0.0006
2025-05-26 17:50:57,859 - INFO - Epoch 86/100: Train Loss: 0.0008, Val Loss: 0.0005, Test Loss: 0.0006
2025-05-26 17:50:57,863 - INFO - Epoch 87/100: Train Loss: 0.0007, Val Loss: 0.0005, Test Loss: 0.0006
2025-05-26 17:50:57,867 - INFO - Epoch 88/100: Train Loss: 0.0008, Val Loss: 0.0005, Test Loss: 0.0006
2025-05-26 17:50:57,871 - INFO - Epoch 89/100: Train Loss: 0.0007, Val Loss: 0.0005, Test Loss: 0.0006
2025-05-26 17:50:57,875 - INFO - Epoch 90/100: Train Loss: 0.0007, Val Loss: 0.0005, Test Loss: 0.0006
2025-05-26 17:50:57,879 - INFO - Epoch 91/100: Train Loss: 0.0007, Val Loss: 0.0005, Test Loss: 0.0006
2025-05-26 17:50:57,883 - INFO - Epoch 92/100: Train Loss: 0.0007, Val Loss: 0.0005, Test Loss: 0.0006
2025-05-26 17:50:57,887 - INFO - Epoch 93/100: Train Loss: 0.0007, Val Loss: 0.0005, Test Loss: 0.0006
2025-05-26 17:50:57,891 - INFO - Epoch 94/100: Train Loss: 0.0007, Val Loss: 0.0005, Test Loss: 0.0006
2025-05-26 17:50:57,895 - INFO - Epoch 95/100: Train Loss: 0.0007, Val Loss: 0.0005, Test Loss: 0.0006
2025-05-26 17:50:57,899 - INFO - Epoch 96/100: Train Loss: 0.0007, Val Loss: 0.0005, Test Loss: 0.0006
2025-05-26 17:50:57,903 - INFO - Epoch 97/100: Train Loss: 0.0007, Val Loss: 0.0005, Test Loss: 0.0006
2025-05-26 17:50:57,907 - INFO - Epoch 98/100: Train Loss: 0.0007, Val Loss: 0.0005, Test Loss: 0.0006
2025-05-26 17:50:57,911 - INFO - Epoch 99/100: Train Loss: 0.0007, Val Loss: 0.0005, Test Loss: 0.0006
2025-05-26 17:50:57,915 - INFO - Epoch 100/100: Train Loss: 0.0007, Val Loss: 0.0005, Test Loss: 0.0005
2025-05-26 17:50:57,915 - INFO - Initialized lightgbm model
2025-05-26 17:50:57,915 - INFO - Initialized TabGNN tabular model with lightgbm base model
/u/mbanisharifdehkordi/.conda/envs/gnn4_env/lib/python3.9/site-packages/sklearn/utils/deprecation.py:151: FutureWarning: 'force_all_finite' was renamed to 'ensure_all_finite' in 1.6 and will be removed in 1.8.
  warnings.warn(
2025-05-26 17:50:59,945 - INFO - LightGBM model fitted with 109 features
2025-05-26 17:50:59,945 - INFO - TabGNN tabular model fitted with 109 features
/u/mbanisharifdehkordi/.conda/envs/gnn4_env/lib/python3.9/site-packages/sklearn/utils/deprecation.py:151: FutureWarning: 'force_all_finite' was renamed to 'ensure_all_finite' in 1.6 and will be removed in 1.8.
  warnings.warn(
2025-05-26 17:50:59,983 - INFO - Evaluation metrics: {'mse': 8.980412358271434e-06, 'rmse': 0.0029967336148332296, 'mae': 0.0016318847488060075, 'r2': 0.9963400230181853}
2025-05-26 17:50:59,987 - INFO - Final metrics: {'mse': 8.980412358271434e-06, 'rmse': 0.0029967336148332296, 'mae': 0.0016318847488060075, 'r2': 0.9963400230181853}
2025-05-26 17:50:59,987 - INFO - Model and results saved to logs/training/all/Experiment6/combined
2025-05-26 17:50:59,992 - INFO - Model checkpoint saved to logs/training/all/Experiment6/combined/tabgnn_part.pt
2025-05-26 17:51:00,030 - INFO - Model saved to logs/training/all/Experiment6/combined/tabular_part.joblib
2025-05-26 17:51:00,030 - INFO - TabGNN tabular model saved to logs/training/all/Experiment6/combined/tabgnn_part.pt and logs/training/all/Experiment6/combined/tabular_part.joblib
2025-05-26 17:51:01,249 - INFO - Loaded metrics for catboost: {'mse': 0.0001491045100843584, 'rmse': 0.012210835765186525, 'mae': 0.006499867671312642, 'r2': 0.9387271449338508}
2025-05-26 17:51:01,250 - INFO - Loaded metrics for combined: {'mse': 8.980412358271434e-06, 'rmse': 0.0029967336148332296, 'mae': 0.0016318847488060075, 'r2': 0.9963400230181853}
2025-05-26 17:51:01,252 - INFO - Loaded metrics for lightgbm: {'mse': 0.0001486532761867115, 'rmse': 0.012192344983091297, 'mae': 0.006189823213145748, 'r2': 0.9389125745308214}
2025-05-26 17:51:01,253 - INFO - Loaded metrics for mlp: {'mse': 0.0005447770818136632, 'rmse': 0.023340460188558048, 'mae': 0.012180229648947716, 'r2': 0.7761298418045044}
2025-05-26 17:51:01,254 - INFO - Loaded metrics for tabgnn: {'mse': 0.0005497821839526296, 'rmse': 0.023447434485517376, 'mae': 0.01466838363558054, 'r2': 0.77407306432724}
2025-05-26 17:51:01,255 - INFO - Loaded metrics for tabnet: {'mse': 0.004037569742649794, 'rmse': 0.06354187393089532, 'mae': 0.03923201188445091, 'r2': -0.6591947078704834}
2025-05-26 17:51:01,256 - INFO - Loaded metrics for xgboost: {'mse': 0.00015150412218645215, 'rmse': 0.012308701076330197, 'mae': 0.0061679407954216, 'r2': 0.9377410411834717}
2025-05-26 17:51:01,281 - INFO - Comparison report saved to logs/training/comparison_report_Experiment6.json
2025-05-26 17:51:01,281 - INFO - Markdown summary saved to logs/training/comparison_report_Experiment6.md
2025-05-26 17:51:01,393 - INFO - Saved RMSE plot to logs/training/model_comparison_Experiment6_rmse.png
2025-05-26 17:51:01,487 - INFO - Saved MAE plot to logs/training/model_comparison_Experiment6_mae.png
2025-05-26 17:51:01,572 - INFO - Saved R2 plot to logs/training/model_comparison_Experiment6_r2.png
2025-05-26 17:51:01,572 - INFO - Best model: combined
2025-05-26 17:51:01,572 - INFO - Best metrics: {'mse': 8.980412358271434e-06, 'rmse': 0.0029967336148332296, 'mae': 0.0016318847488060075, 'r2': 0.9963400230181853, 'improvement': 75.42118748289039}
